{"/Users/igorbrandao/Desktop/development/front/desafio2/flashchat/expo-env.d.ts": {"path":"/Users/igorbrandao/Desktop/development/front/desafio2/flashchat/expo-env.d.ts","statementMap":{},"fnMap":{},"branchMap":{},"s":{},"f":{},"b":{}}
,"/Users/igorbrandao/Desktop/development/front/desafio2/flashchat/.expo/types/router.d.ts": {"path":"/Users/igorbrandao/Desktop/development/front/desafio2/flashchat/.expo/types/router.d.ts","statementMap":{},"fnMap":{},"branchMap":{},"s":{},"f":{},"b":{}}
,"/Users/igorbrandao/Desktop/development/front/desafio2/flashchat/app/+not-found.tsx": {"path":"/Users/igorbrandao/Desktop/development/front/desafio2/flashchat/app/+not-found.tsx","statementMap":{"0":{"start":{"line":8,"column":2},"end":{"line":18,"column":4}},"1":{"start":{"line":21,"column":15},"end":{"line":32,"column":2}}},"fnMap":{"0":{"name":"NotFoundScreen","decl":{"start":{"line":7,"column":24},"end":{"line":7,"column":38}},"loc":{"start":{"line":7,"column":41},"end":{"line":19,"column":1}},"line":7}},"branchMap":{},"s":{"0":0,"1":0},"f":{"0":0},"b":{}}
,"/Users/igorbrandao/Desktop/development/front/desafio2/flashchat/app/_layout.tsx": {"path":"/Users/igorbrandao/Desktop/development/front/desafio2/flashchat/app/_layout.tsx","statementMap":{"0":{"start":{"line":8,"column":31},"end":{"line":8,"column":40}},"1":{"start":{"line":9,"column":19},"end":{"line":9,"column":32}},"2":{"start":{"line":10,"column":17},"end":{"line":10,"column":28}},"3":{"start":{"line":12,"column":2},"end":{"line":25,"column":25}},"4":{"start":{"line":13,"column":4},"end":{"line":13,"column":24}},"5":{"start":{"line":13,"column":17},"end":{"line":13,"column":24}},"6":{"start":{"line":15,"column":24},"end":{"line":15,"column":48}},"7":{"start":{"line":16,"column":4},"end":{"line":24,"column":5}},"8":{"start":{"line":17,"column":6},"end":{"line":19,"column":7}},"9":{"start":{"line":18,"column":8},"end":{"line":18,"column":48}},"10":{"start":{"line":21,"column":6},"end":{"line":23,"column":7}},"11":{"start":{"line":22,"column":8},"end":{"line":22,"column":40}},"12":{"start":{"line":27,"column":2},"end":{"line":27,"column":27}},"13":{"start":{"line":27,"column":15},"end":{"line":27,"column":27}},"14":{"start":{"line":29,"column":2},"end":{"line":33,"column":4}}},"fnMap":{"0":{"name":"RootLayout","decl":{"start":{"line":7,"column":24},"end":{"line":7,"column":34}},"loc":{"start":{"line":7,"column":37},"end":{"line":34,"column":1}},"line":7},"1":{"name":"(anonymous_1)","decl":{"start":{"line":12,"column":12},"end":{"line":12,"column":13}},"loc":{"start":{"line":12,"column":18},"end":{"line":25,"column":3}},"line":12}},"branchMap":{"0":{"loc":{"start":{"line":13,"column":4},"end":{"line":13,"column":24}},"type":"if","locations":[{"start":{"line":13,"column":4},"end":{"line":13,"column":24}},{"start":{},"end":{}}],"line":13},"1":{"loc":{"start":{"line":16,"column":4},"end":{"line":24,"column":5}},"type":"if","locations":[{"start":{"line":16,"column":4},"end":{"line":24,"column":5}},{"start":{"line":20,"column":11},"end":{"line":24,"column":5}}],"line":16},"2":{"loc":{"start":{"line":17,"column":6},"end":{"line":19,"column":7}},"type":"if","locations":[{"start":{"line":17,"column":6},"end":{"line":19,"column":7}},{"start":{},"end":{}}],"line":17},"3":{"loc":{"start":{"line":21,"column":6},"end":{"line":23,"column":7}},"type":"if","locations":[{"start":{"line":21,"column":6},"end":{"line":23,"column":7}},{"start":{},"end":{}}],"line":21},"4":{"loc":{"start":{"line":27,"column":2},"end":{"line":27,"column":27}},"type":"if","locations":[{"start":{"line":27,"column":2},"end":{"line":27,"column":27}},{"start":{},"end":{}}],"line":27}},"s":{"0":0,"1":0,"2":0,"3":0,"4":0,"5":0,"6":0,"7":0,"8":0,"9":0,"10":0,"11":0,"12":0,"13":0,"14":0},"f":{"0":0,"1":0},"b":{"0":[0,0],"1":[0,0],"2":[0,0],"3":[0,0],"4":[0,0]}}
,"/Users/igorbrandao/Desktop/development/front/desafio2/flashchat/app/index.tsx": {"path":"/Users/igorbrandao/Desktop/development/front/desafio2/flashchat/app/index.tsx","statementMap":{"0":{"start":{"line":4,"column":2},"end":{"line":4,"column":43}}},"fnMap":{"0":{"name":"Index","decl":{"start":{"line":3,"column":24},"end":{"line":3,"column":29}},"loc":{"start":{"line":3,"column":32},"end":{"line":5,"column":1}},"line":3}},"branchMap":{},"s":{"0":0},"f":{"0":0},"b":{}}
,"/Users/igorbrandao/Desktop/development/front/desafio2/flashchat/app/(auth)/_layout.tsx": {"path":"/Users/igorbrandao/Desktop/development/front/desafio2/flashchat/app/(auth)/_layout.tsx","statementMap":{"0":{"start":{"line":5,"column":2},"end":{"line":14,"column":4}}},"fnMap":{"0":{"name":"AuthLayout","decl":{"start":{"line":4,"column":24},"end":{"line":4,"column":34}},"loc":{"start":{"line":4,"column":37},"end":{"line":15,"column":1}},"line":4}},"branchMap":{},"s":{"0":0},"f":{"0":0},"b":{}}
,"/Users/igorbrandao/Desktop/development/front/desafio2/flashchat/app/(auth)/login.tsx": {"path":"/Users/igorbrandao/Desktop/development/front/desafio2/flashchat/app/(auth)/login.tsx","statementMap":{"0":{"start":{"line":21,"column":28},"end":{"line":21,"column":40}},"1":{"start":{"line":22,"column":34},"end":{"line":22,"column":46}},"2":{"start":{"line":23,"column":21},"end":{"line":23,"column":30}},"3":{"start":{"line":24,"column":32},"end":{"line":24,"column":47}},"4":{"start":{"line":25,"column":22},"end":{"line":25,"column":38}},"5":{"start":{"line":26,"column":17},"end":{"line":26,"column":47}},"6":{"start":{"line":28,"column":22},"end":{"line":44,"column":3}},"7":{"start":{"line":29,"column":4},"end":{"line":32,"column":5}},"8":{"start":{"line":30,"column":6},"end":{"line":30,"column":70}},"9":{"start":{"line":31,"column":6},"end":{"line":31,"column":13}},"10":{"start":{"line":34,"column":4},"end":{"line":34,"column":21}},"11":{"start":{"line":35,"column":22},"end":{"line":35,"column":51}},"12":{"start":{"line":36,"column":4},"end":{"line":36,"column":22}},"13":{"start":{"line":38,"column":4},"end":{"line":43,"column":5}},"14":{"start":{"line":39,"column":6},"end":{"line":39,"column":48}},"15":{"start":{"line":42,"column":6},"end":{"line":42,"column":46}},"16":{"start":{"line":46,"column":2},"end":{"line":112,"column":4}},"17":{"start":{"line":103,"column":25},"end":{"line":103,"column":56}},"18":{"start":{"line":115,"column":15},"end":{"line":177,"column":2}}},"fnMap":{"0":{"name":"LoginScreen","decl":{"start":{"line":20,"column":24},"end":{"line":20,"column":35}},"loc":{"start":{"line":20,"column":38},"end":{"line":113,"column":1}},"line":20},"1":{"name":"(anonymous_1)","decl":{"start":{"line":28,"column":22},"end":{"line":28,"column":23}},"loc":{"start":{"line":28,"column":34},"end":{"line":44,"column":3}},"line":28},"2":{"name":"(anonymous_2)","decl":{"start":{"line":103,"column":19},"end":{"line":103,"column":20}},"loc":{"start":{"line":103,"column":25},"end":{"line":103,"column":56}},"line":103}},"branchMap":{"0":{"loc":{"start":{"line":26,"column":24},"end":{"line":26,"column":46}},"type":"binary-expr","locations":[{"start":{"line":26,"column":24},"end":{"line":26,"column":35}},{"start":{"line":26,"column":39},"end":{"line":26,"column":46}}],"line":26},"1":{"loc":{"start":{"line":29,"column":4},"end":{"line":32,"column":5}},"type":"if","locations":[{"start":{"line":29,"column":4},"end":{"line":32,"column":5}},{"start":{},"end":{}}],"line":29},"2":{"loc":{"start":{"line":29,"column":8},"end":{"line":29,"column":27}},"type":"binary-expr","locations":[{"start":{"line":29,"column":8},"end":{"line":29,"column":14}},{"start":{"line":29,"column":18},"end":{"line":29,"column":27}}],"line":29},"3":{"loc":{"start":{"line":38,"column":4},"end":{"line":43,"column":5}},"type":"if","locations":[{"start":{"line":38,"column":4},"end":{"line":43,"column":5}},{"start":{"line":40,"column":11},"end":{"line":43,"column":5}}],"line":38},"4":{"loc":{"start":{"line":48,"column":16},"end":{"line":48,"column":60}},"type":"cond-expr","locations":[{"start":{"line":48,"column":40},"end":{"line":48,"column":49}},{"start":{"line":48,"column":52},"end":{"line":48,"column":60}}],"line":48},"5":{"loc":{"start":{"line":51,"column":24},"end":{"line":51,"column":65}},"type":"cond-expr","locations":[{"start":{"line":51,"column":49},"end":{"line":51,"column":56}},{"start":{"line":51,"column":59},"end":{"line":51,"column":65}}],"line":51},"6":{"loc":{"start":{"line":97,"column":15},"end":{"line":97,"column":50}},"type":"cond-expr","locations":[{"start":{"line":97,"column":25},"end":{"line":97,"column":40}},{"start":{"line":97,"column":43},"end":{"line":97,"column":50}}],"line":97}},"s":{"0":0,"1":0,"2":0,"3":0,"4":0,"5":0,"6":0,"7":0,"8":0,"9":0,"10":0,"11":0,"12":0,"13":0,"14":0,"15":0,"16":0,"17":0,"18":0},"f":{"0":0,"1":0,"2":0},"b":{"0":[0,0],"1":[0,0],"2":[0,0],"3":[0,0],"4":[0,0],"5":[0,0],"6":[0,0]}}
,"/Users/igorbrandao/Desktop/development/front/desafio2/flashchat/app/(auth)/register.tsx": {"path":"/Users/igorbrandao/Desktop/development/front/desafio2/flashchat/app/(auth)/register.tsx","statementMap":{"0":{"start":{"line":21,"column":28},"end":{"line":21,"column":40}},"1":{"start":{"line":22,"column":34},"end":{"line":22,"column":46}},"2":{"start":{"line":23,"column":34},"end":{"line":23,"column":46}},"3":{"start":{"line":24,"column":21},"end":{"line":24,"column":30}},"4":{"start":{"line":25,"column":32},"end":{"line":25,"column":47}},"5":{"start":{"line":26,"column":22},"end":{"line":26,"column":38}},"6":{"start":{"line":27,"column":17},"end":{"line":27,"column":47}},"7":{"start":{"line":29,"column":25},"end":{"line":48,"column":3}},"8":{"start":{"line":30,"column":4},"end":{"line":33,"column":5}},"9":{"start":{"line":31,"column":6},"end":{"line":31,"column":70}},"10":{"start":{"line":32,"column":6},"end":{"line":32,"column":13}},"11":{"start":{"line":35,"column":4},"end":{"line":35,"column":21}},"12":{"start":{"line":36,"column":22},"end":{"line":36,"column":61}},"13":{"start":{"line":37,"column":4},"end":{"line":37,"column":22}},"14":{"start":{"line":39,"column":4},"end":{"line":47,"column":5}},"15":{"start":{"line":40,"column":6},"end":{"line":40,"column":55}},"16":{"start":{"line":42,"column":6},"end":{"line":46,"column":8}},"17":{"start":{"line":45,"column":38},"end":{"line":45,"column":69}},"18":{"start":{"line":50,"column":2},"end":{"line":127,"column":4}},"19":{"start":{"line":118,"column":25},"end":{"line":118,"column":53}},"20":{"start":{"line":130,"column":15},"end":{"line":192,"column":2}}},"fnMap":{"0":{"name":"RegisterScreen","decl":{"start":{"line":20,"column":24},"end":{"line":20,"column":38}},"loc":{"start":{"line":20,"column":41},"end":{"line":128,"column":1}},"line":20},"1":{"name":"(anonymous_1)","decl":{"start":{"line":29,"column":25},"end":{"line":29,"column":26}},"loc":{"start":{"line":29,"column":37},"end":{"line":48,"column":3}},"line":29},"2":{"name":"(anonymous_2)","decl":{"start":{"line":45,"column":32},"end":{"line":45,"column":33}},"loc":{"start":{"line":45,"column":38},"end":{"line":45,"column":69}},"line":45},"3":{"name":"(anonymous_3)","decl":{"start":{"line":118,"column":19},"end":{"line":118,"column":20}},"loc":{"start":{"line":118,"column":25},"end":{"line":118,"column":53}},"line":118}},"branchMap":{"0":{"loc":{"start":{"line":27,"column":24},"end":{"line":27,"column":46}},"type":"binary-expr","locations":[{"start":{"line":27,"column":24},"end":{"line":27,"column":35}},{"start":{"line":27,"column":39},"end":{"line":27,"column":46}}],"line":27},"1":{"loc":{"start":{"line":30,"column":4},"end":{"line":33,"column":5}},"type":"if","locations":[{"start":{"line":30,"column":4},"end":{"line":33,"column":5}},{"start":{},"end":{}}],"line":30},"2":{"loc":{"start":{"line":30,"column":8},"end":{"line":30,"column":40}},"type":"binary-expr","locations":[{"start":{"line":30,"column":8},"end":{"line":30,"column":14}},{"start":{"line":30,"column":18},"end":{"line":30,"column":27}},{"start":{"line":30,"column":31},"end":{"line":30,"column":40}}],"line":30},"3":{"loc":{"start":{"line":39,"column":4},"end":{"line":47,"column":5}},"type":"if","locations":[{"start":{"line":39,"column":4},"end":{"line":47,"column":5}},{"start":{"line":41,"column":11},"end":{"line":47,"column":5}}],"line":39},"4":{"loc":{"start":{"line":52,"column":16},"end":{"line":52,"column":60}},"type":"cond-expr","locations":[{"start":{"line":52,"column":40},"end":{"line":52,"column":49}},{"start":{"line":52,"column":52},"end":{"line":52,"column":60}}],"line":52},"5":{"loc":{"start":{"line":55,"column":24},"end":{"line":55,"column":65}},"type":"cond-expr","locations":[{"start":{"line":55,"column":49},"end":{"line":55,"column":56}},{"start":{"line":55,"column":59},"end":{"line":55,"column":65}}],"line":55},"6":{"loc":{"start":{"line":112,"column":15},"end":{"line":112,"column":59}},"type":"cond-expr","locations":[{"start":{"line":112,"column":25},"end":{"line":112,"column":46}},{"start":{"line":112,"column":49},"end":{"line":112,"column":59}}],"line":112}},"s":{"0":0,"1":0,"2":0,"3":0,"4":0,"5":0,"6":0,"7":0,"8":0,"9":0,"10":0,"11":0,"12":0,"13":0,"14":0,"15":0,"16":0,"17":0,"18":0,"19":0,"20":0},"f":{"0":0,"1":0,"2":0,"3":0},"b":{"0":[0,0],"1":[0,0],"2":[0,0,0],"3":[0,0],"4":[0,0],"5":[0,0],"6":[0,0]}}
,"/Users/igorbrandao/Desktop/development/front/desafio2/flashchat/app/(chat)/[userId].tsx": {"path":"/Users/igorbrandao/Desktop/development/front/desafio2/flashchat/app/(chat)/[userId].tsx","statementMap":{"0":{"start":{"line":33,"column":17},"end":{"line":33,"column":39}},"1":{"start":{"line":34,"column":17},"end":{"line":34,"column":71}},"2":{"start":{"line":35,"column":22},"end":{"line":35,"column":31}},"3":{"start":{"line":36,"column":32},"end":{"line":36,"column":44}},"4":{"start":{"line":37,"column":34},"end":{"line":37,"column":65}},"5":{"start":{"line":38,"column":40},"end":{"line":38,"column":54}},"6":{"start":{"line":39,"column":36},"end":{"line":39,"column":51}},"7":{"start":{"line":40,"column":21},"end":{"line":40,"column":31}},"8":{"start":{"line":41,"column":22},"end":{"line":41,"column":44}},"9":{"start":{"line":42,"column":52},"end":{"line":42,"column":67}},"10":{"start":{"line":43,"column":19},"end":{"line":43,"column":42}},"11":{"start":{"line":45,"column":2},"end":{"line":45,"column":83}},"12":{"start":{"line":47,"column":2},"end":{"line":71,"column":34}},"13":{"start":{"line":48,"column":4},"end":{"line":51,"column":5}},"14":{"start":{"line":49,"column":6},"end":{"line":49,"column":91}},"15":{"start":{"line":50,"column":6},"end":{"line":50,"column":13}},"16":{"start":{"line":54,"column":30},"end":{"line":58,"column":17}},"17":{"start":{"line":60,"column":6},"end":{"line":63,"column":7}},"18":{"start":{"line":61,"column":8},"end":{"line":61,"column":58}},"19":{"start":{"line":62,"column":8},"end":{"line":62,"column":15}},"20":{"start":{"line":65,"column":6},"end":{"line":65,"column":46}},"21":{"start":{"line":66,"column":6},"end":{"line":66,"column":24}},"22":{"start":{"line":67,"column":6},"end":{"line":67,"column":28}},"23":{"start":{"line":70,"column":4},"end":{"line":70,"column":20}},"24":{"start":{"line":73,"column":62},"end":{"line":76,"column":4}},"25":{"start":{"line":78,"column":21},"end":{"line":106,"column":3}},"26":{"start":{"line":79,"column":4},"end":{"line":79,"column":67}},"27":{"start":{"line":79,"column":60},"end":{"line":79,"column":67}},"28":{"start":{"line":81,"column":27},"end":{"line":81,"column":41}},"29":{"start":{"line":82,"column":4},"end":{"line":82,"column":19}},"30":{"start":{"line":83,"column":4},"end":{"line":83,"column":23}},"31":{"start":{"line":84,"column":4},"end":{"line":84,"column":23}},"32":{"start":{"line":85,"column":4},"end":{"line":85,"column":26}},"33":{"start":{"line":87,"column":4},"end":{"line":105,"column":5}},"34":{"start":{"line":88,"column":26},"end":{"line":88,"column":59}},"35":{"start":{"line":89,"column":6},"end":{"line":99,"column":7}},"36":{"start":{"line":90,"column":8},"end":{"line":90,"column":69}},"37":{"start":{"line":91,"column":8},"end":{"line":91,"column":30}},"38":{"start":{"line":93,"column":8},"end":{"line":95,"column":16}},"39":{"start":{"line":94,"column":10},"end":{"line":94,"column":63}},"40":{"start":{"line":97,"column":8},"end":{"line":97,"column":48}},"41":{"start":{"line":98,"column":8},"end":{"line":98,"column":35}},"42":{"start":{"line":101,"column":6},"end":{"line":101,"column":53}},"43":{"start":{"line":102,"column":6},"end":{"line":102,"column":33}},"44":{"start":{"line":104,"column":6},"end":{"line":104,"column":26}},"45":{"start":{"line":108,"column":24},"end":{"line":155,"column":3}},"46":{"start":{"line":109,"column":21},"end":{"line":109,"column":57}},"47":{"start":{"line":110,"column":26},"end":{"line":110,"column":55}},"48":{"start":{"line":112,"column":4},"end":{"line":154,"column":6}},"49":{"start":{"line":157,"column":2},"end":{"line":170,"column":3}},"50":{"start":{"line":158,"column":4},"end":{"line":169,"column":6}},"51":{"start":{"line":172,"column":2},"end":{"line":183,"column":3}},"52":{"start":{"line":173,"column":4},"end":{"line":182,"column":6}},"53":{"start":{"line":185,"column":2},"end":{"line":249,"column":4}},"54":{"start":{"line":196,"column":32},"end":{"line":196,"column":39}},"55":{"start":{"line":199,"column":10},"end":{"line":199,"column":67}},"56":{"start":{"line":200,"column":10},"end":{"line":200,"column":63}},"57":{"start":{"line":203,"column":10},"end":{"line":203,"column":61}},"58":{"start":{"line":204,"column":10},"end":{"line":204,"column":63}},"59":{"start":{"line":252,"column":15},"end":{"line":318,"column":2}}},"fnMap":{"0":{"name":"ChatScreen","decl":{"start":{"line":32,"column":24},"end":{"line":32,"column":34}},"loc":{"start":{"line":32,"column":37},"end":{"line":250,"column":1}},"line":32},"1":{"name":"(anonymous_1)","decl":{"start":{"line":47,"column":12},"end":{"line":47,"column":13}},"loc":{"start":{"line":47,"column":18},"end":{"line":71,"column":3}},"line":47},"2":{"name":"fetchChatUser","decl":{"start":{"line":53,"column":19},"end":{"line":53,"column":32}},"loc":{"start":{"line":53,"column":35},"end":{"line":68,"column":5}},"line":53},"3":{"name":"(anonymous_3)","decl":{"start":{"line":78,"column":21},"end":{"line":78,"column":22}},"loc":{"start":{"line":78,"column":33},"end":{"line":106,"column":3}},"line":78},"4":{"name":"(anonymous_4)","decl":{"start":{"line":93,"column":19},"end":{"line":93,"column":20}},"loc":{"start":{"line":93,"column":25},"end":{"line":95,"column":9}},"line":93},"5":{"name":"(anonymous_5)","decl":{"start":{"line":108,"column":24},"end":{"line":108,"column":25}},"loc":{"start":{"line":108,"column":75},"end":{"line":155,"column":3}},"line":108},"6":{"name":"(anonymous_6)","decl":{"start":{"line":196,"column":22},"end":{"line":196,"column":23}},"loc":{"start":{"line":196,"column":32},"end":{"line":196,"column":39}},"line":196},"7":{"name":"(anonymous_7)","decl":{"start":{"line":198,"column":29},"end":{"line":198,"column":30}},"loc":{"start":{"line":198,"column":35},"end":{"line":201,"column":9}},"line":198},"8":{"name":"(anonymous_8)","decl":{"start":{"line":202,"column":18},"end":{"line":202,"column":19}},"loc":{"start":{"line":202,"column":24},"end":{"line":205,"column":9}},"line":202}},"branchMap":{"0":{"loc":{"start":{"line":34,"column":17},"end":{"line":34,"column":71}},"type":"cond-expr","locations":[{"start":{"line":34,"column":53},"end":{"line":34,"column":66}},{"start":{"line":34,"column":69},"end":{"line":34,"column":71}}],"line":34},"1":{"loc":{"start":{"line":48,"column":4},"end":{"line":51,"column":5}},"type":"if","locations":[{"start":{"line":48,"column":4},"end":{"line":51,"column":5}},{"start":{},"end":{}}],"line":48},"2":{"loc":{"start":{"line":48,"column":8},"end":{"line":48,"column":37}},"type":"binary-expr","locations":[{"start":{"line":48,"column":8},"end":{"line":48,"column":15}},{"start":{"line":48,"column":19},"end":{"line":48,"column":37}}],"line":48},"3":{"loc":{"start":{"line":60,"column":6},"end":{"line":63,"column":7}},"type":"if","locations":[{"start":{"line":60,"column":6},"end":{"line":63,"column":7}},{"start":{},"end":{}}],"line":60},"4":{"loc":{"start":{"line":75,"column":19},"end":{"line":75,"column":42}},"type":"binary-expr","locations":[{"start":{"line":75,"column":19},"end":{"line":75,"column":36}},{"start":{"line":75,"column":40},"end":{"line":75,"column":42}}],"line":75},"5":{"loc":{"start":{"line":79,"column":4},"end":{"line":79,"column":67}},"type":"if","locations":[{"start":{"line":79,"column":4},"end":{"line":79,"column":67}},{"start":{},"end":{}}],"line":79},"6":{"loc":{"start":{"line":79,"column":8},"end":{"line":79,"column":58}},"type":"binary-expr","locations":[{"start":{"line":79,"column":8},"end":{"line":79,"column":23}},{"start":{"line":79,"column":27},"end":{"line":79,"column":45}},{"start":{"line":79,"column":49},"end":{"line":79,"column":58}}],"line":79},"7":{"loc":{"start":{"line":89,"column":6},"end":{"line":99,"column":7}},"type":"if","locations":[{"start":{"line":89,"column":6},"end":{"line":99,"column":7}},{"start":{"line":96,"column":13},"end":{"line":99,"column":7}}],"line":89},"8":{"loc":{"start":{"line":116,"column":10},"end":{"line":116,"column":64}},"type":"cond-expr","locations":[{"start":{"line":116,"column":21},"end":{"line":116,"column":39}},{"start":{"line":116,"column":42},"end":{"line":116,"column":64}}],"line":116},"9":{"loc":{"start":{"line":118,"column":29},"end":{"line":118,"column":73}},"type":"cond-expr","locations":[{"start":{"line":118,"column":40},"end":{"line":118,"column":56}},{"start":{"line":118,"column":59},"end":{"line":118,"column":73}}],"line":118},"10":{"loc":{"start":{"line":119,"column":16},"end":{"line":119,"column":53}},"type":"cond-expr","locations":[{"start":{"line":119,"column":32},"end":{"line":119,"column":48}},{"start":{"line":119,"column":51},"end":{"line":119,"column":53}}],"line":119},"11":{"loc":{"start":{"line":126,"column":21},"end":{"line":126,"column":53}},"type":"cond-expr","locations":[{"start":{"line":126,"column":32},"end":{"line":126,"column":39}},{"start":{"line":126,"column":42},"end":{"line":126,"column":53}}],"line":126},"12":{"loc":{"start":{"line":135,"column":23},"end":{"line":135,"column":80}},"type":"cond-expr","locations":[{"start":{"line":135,"column":34},"end":{"line":135,"column":57}},{"start":{"line":135,"column":60},"end":{"line":135,"column":80}}],"line":135},"13":{"loc":{"start":{"line":144,"column":11},"end":{"line":151,"column":11}},"type":"binary-expr","locations":[{"start":{"line":144,"column":11},"end":{"line":144,"column":19}},{"start":{"line":145,"column":12},"end":{"line":150,"column":14}}],"line":144},"14":{"loc":{"start":{"line":146,"column":20},"end":{"line":146,"column":65}},"type":"cond-expr","locations":[{"start":{"line":146,"column":35},"end":{"line":146,"column":51}},{"start":{"line":146,"column":54},"end":{"line":146,"column":65}}],"line":146},"15":{"loc":{"start":{"line":148,"column":21},"end":{"line":148,"column":71}},"type":"cond-expr","locations":[{"start":{"line":148,"column":36},"end":{"line":148,"column":45}},{"start":{"line":148,"column":48},"end":{"line":148,"column":71}}],"line":148},"16":{"loc":{"start":{"line":157,"column":2},"end":{"line":170,"column":3}},"type":"if","locations":[{"start":{"line":157,"column":2},"end":{"line":170,"column":3}},{"start":{},"end":{}}],"line":157},"17":{"loc":{"start":{"line":157,"column":6},"end":{"line":157,"column":36}},"type":"binary-expr","locations":[{"start":{"line":157,"column":6},"end":{"line":157,"column":17}},{"start":{"line":157,"column":21},"end":{"line":157,"column":36}}],"line":157},"18":{"loc":{"start":{"line":172,"column":2},"end":{"line":183,"column":3}},"type":"if","locations":[{"start":{"line":172,"column":2},"end":{"line":183,"column":3}},{"start":{},"end":{}}],"line":172},"19":{"loc":{"start":{"line":188,"column":16},"end":{"line":188,"column":61}},"type":"cond-expr","locations":[{"start":{"line":188,"column":40},"end":{"line":188,"column":49}},{"start":{"line":188,"column":52},"end":{"line":188,"column":61}}],"line":188},"20":{"loc":{"start":{"line":189,"column":30},"end":{"line":189,"column":60}},"type":"cond-expr","locations":[{"start":{"line":189,"column":54},"end":{"line":189,"column":56}},{"start":{"line":189,"column":59},"end":{"line":189,"column":60}}],"line":189},"21":{"loc":{"start":{"line":234,"column":31},"end":{"line":234,"column":87}},"type":"cond-expr","locations":[{"start":{"line":234,"column":48},"end":{"line":234,"column":64}},{"start":{"line":234,"column":67},"end":{"line":234,"column":87}}],"line":234},"22":{"loc":{"start":{"line":235,"column":35},"end":{"line":235,"column":59}},"type":"cond-expr","locations":[{"start":{"line":235,"column":52},"end":{"line":235,"column":53}},{"start":{"line":235,"column":56},"end":{"line":235,"column":59}}],"line":235},"23":{"loc":{"start":{"line":239,"column":20},"end":{"line":239,"column":48}},"type":"binary-expr","locations":[{"start":{"line":239,"column":20},"end":{"line":239,"column":35}},{"start":{"line":239,"column":39},"end":{"line":239,"column":48}}],"line":239},"24":{"loc":{"start":{"line":241,"column":11},"end":{"line":245,"column":11}},"type":"cond-expr","locations":[{"start":{"line":242,"column":12},"end":{"line":242,"column":60}},{"start":{"line":244,"column":12},"end":{"line":244,"column":60}}],"line":241}},"s":{"0":0,"1":0,"2":0,"3":0,"4":0,"5":0,"6":0,"7":0,"8":0,"9":0,"10":0,"11":0,"12":0,"13":0,"14":0,"15":0,"16":0,"17":0,"18":0,"19":0,"20":0,"21":0,"22":0,"23":0,"24":0,"25":0,"26":0,"27":0,"28":0,"29":0,"30":0,"31":0,"32":0,"33":0,"34":0,"35":0,"36":0,"37":0,"38":0,"39":0,"40":0,"41":0,"42":0,"43":0,"44":0,"45":0,"46":0,"47":0,"48":0,"49":0,"50":0,"51":0,"52":0,"53":0,"54":0,"55":0,"56":0,"57":0,"58":0,"59":0},"f":{"0":0,"1":0,"2":0,"3":0,"4":0,"5":0,"6":0,"7":0,"8":0},"b":{"0":[0,0],"1":[0,0],"2":[0,0],"3":[0,0],"4":[0,0],"5":[0,0],"6":[0,0,0],"7":[0,0],"8":[0,0],"9":[0,0],"10":[0,0],"11":[0,0],"12":[0,0],"13":[0,0],"14":[0,0],"15":[0,0],"16":[0,0],"17":[0,0],"18":[0,0],"19":[0,0],"20":[0,0],"21":[0,0],"22":[0,0],"23":[0,0],"24":[0,0]}}
,"/Users/igorbrandao/Desktop/development/front/desafio2/flashchat/app/(chat)/_layout.tsx": {"path":"/Users/igorbrandao/Desktop/development/front/desafio2/flashchat/app/(chat)/_layout.tsx","statementMap":{"0":{"start":{"line":4,"column":2},"end":{"line":20,"column":4}}},"fnMap":{"0":{"name":"ChatLayout","decl":{"start":{"line":3,"column":24},"end":{"line":3,"column":34}},"loc":{"start":{"line":3,"column":37},"end":{"line":21,"column":1}},"line":3}},"branchMap":{},"s":{"0":0},"f":{"0":0},"b":{}}
,"/Users/igorbrandao/Desktop/development/front/desafio2/flashchat/app/(chat)/new-chat.tsx": {"path":"/Users/igorbrandao/Desktop/development/front/desafio2/flashchat/app/(chat)/new-chat.tsx","statementMap":{"0":{"start":{"line":16,"column":28},"end":{"line":16,"column":48}},"1":{"start":{"line":17,"column":40},"end":{"line":17,"column":52}},"2":{"start":{"line":18,"column":22},"end":{"line":18,"column":31}},"3":{"start":{"line":20,"column":2},"end":{"line":39,"column":26}},"4":{"start":{"line":22,"column":6},"end":{"line":22,"column":37}},"5":{"start":{"line":22,"column":30},"end":{"line":22,"column":37}},"6":{"start":{"line":24,"column":30},"end":{"line":28,"column":27}},"7":{"start":{"line":30,"column":6},"end":{"line":33,"column":7}},"8":{"start":{"line":31,"column":8},"end":{"line":31,"column":54}},"9":{"start":{"line":32,"column":8},"end":{"line":32,"column":15}},"10":{"start":{"line":35,"column":6},"end":{"line":35,"column":27}},"11":{"start":{"line":38,"column":4},"end":{"line":38,"column":17}},"12":{"start":{"line":41,"column":24},"end":{"line":43,"column":3}},"13":{"start":{"line":42,"column":4},"end":{"line":42,"column":68}},"14":{"start":{"line":45,"column":21},"end":{"line":57,"column":3}},"15":{"start":{"line":46,"column":4},"end":{"line":56,"column":23}},"16":{"start":{"line":48,"column":21},"end":{"line":48,"column":54}},"17":{"start":{"line":59,"column":2},"end":{"line":84,"column":4}},"18":{"start":{"line":80,"column":32},"end":{"line":80,"column":39}},"19":{"start":{"line":87,"column":15},"end":{"line":140,"column":2}}},"fnMap":{"0":{"name":"NewChatScreen","decl":{"start":{"line":15,"column":24},"end":{"line":15,"column":37}},"loc":{"start":{"line":15,"column":40},"end":{"line":85,"column":1}},"line":15},"1":{"name":"(anonymous_1)","decl":{"start":{"line":20,"column":12},"end":{"line":20,"column":13}},"loc":{"start":{"line":20,"column":18},"end":{"line":39,"column":3}},"line":20},"2":{"name":"fetchUsers","decl":{"start":{"line":21,"column":19},"end":{"line":21,"column":29}},"loc":{"start":{"line":21,"column":32},"end":{"line":36,"column":5}},"line":21},"3":{"name":"(anonymous_3)","decl":{"start":{"line":41,"column":37},"end":{"line":41,"column":38}},"loc":{"start":{"line":42,"column":4},"end":{"line":42,"column":68}},"line":42},"4":{"name":"(anonymous_4)","decl":{"start":{"line":45,"column":21},"end":{"line":45,"column":22}},"loc":{"start":{"line":46,"column":4},"end":{"line":56,"column":23}},"line":46},"5":{"name":"(anonymous_5)","decl":{"start":{"line":48,"column":15},"end":{"line":48,"column":16}},"loc":{"start":{"line":48,"column":21},"end":{"line":48,"column":54}},"line":48},"6":{"name":"(anonymous_6)","decl":{"start":{"line":80,"column":22},"end":{"line":80,"column":23}},"loc":{"start":{"line":80,"column":32},"end":{"line":80,"column":39}},"line":80}},"branchMap":{"0":{"loc":{"start":{"line":22,"column":6},"end":{"line":22,"column":37}},"type":"if","locations":[{"start":{"line":22,"column":6},"end":{"line":22,"column":37}},{"start":{},"end":{}}],"line":22},"1":{"loc":{"start":{"line":30,"column":6},"end":{"line":33,"column":7}},"type":"if","locations":[{"start":{"line":30,"column":6},"end":{"line":33,"column":7}},{"start":{},"end":{}}],"line":30},"2":{"loc":{"start":{"line":35,"column":15},"end":{"line":35,"column":25}},"type":"binary-expr","locations":[{"start":{"line":35,"column":15},"end":{"line":35,"column":19}},{"start":{"line":35,"column":23},"end":{"line":35,"column":25}}],"line":35}},"s":{"0":0,"1":0,"2":0,"3":0,"4":0,"5":0,"6":0,"7":0,"8":0,"9":0,"10":0,"11":0,"12":0,"13":0,"14":0,"15":0,"16":0,"17":0,"18":0,"19":0},"f":{"0":0,"1":0,"2":0,"3":0,"4":0,"5":0,"6":0},"b":{"0":[0,0],"1":[0,0],"2":[0,0]}}
,"/Users/igorbrandao/Desktop/development/front/desafio2/flashchat/app/(chat)/conversations/index.tsx": {"path":"/Users/igorbrandao/Desktop/development/front/desafio2/flashchat/app/(chat)/conversations/index.tsx","statementMap":{"0":{"start":{"line":28,"column":28},"end":{"line":28,"column":48}},"1":{"start":{"line":29,"column":44},"end":{"line":29,"column":64}},"2":{"start":{"line":30,"column":40},"end":{"line":30,"column":55}},"3":{"start":{"line":31,"column":40},"end":{"line":31,"column":52}},"4":{"start":{"line":32,"column":22},"end":{"line":32,"column":31}},"5":{"start":{"line":33,"column":32},"end":{"line":33,"column":46}},"6":{"start":{"line":34,"column":21},"end":{"line":34,"column":31}},"7":{"start":{"line":36,"column":2},"end":{"line":103,"column":26}},"8":{"start":{"line":37,"column":4},"end":{"line":40,"column":5}},"9":{"start":{"line":38,"column":6},"end":{"line":38,"column":24}},"10":{"start":{"line":39,"column":6},"end":{"line":39,"column":13}},"11":{"start":{"line":43,"column":30},"end":{"line":47,"column":27}},"12":{"start":{"line":49,"column":6},"end":{"line":52,"column":7}},"13":{"start":{"line":50,"column":8},"end":{"line":50,"column":54}},"14":{"start":{"line":51,"column":8},"end":{"line":51,"column":15}},"15":{"start":{"line":54,"column":30},"end":{"line":54,"column":82}},"16":{"start":{"line":54,"column":48},"end":{"line":54,"column":74}},"17":{"start":{"line":55,"column":6},"end":{"line":55,"column":32}},"18":{"start":{"line":56,"column":6},"end":{"line":56,"column":40}},"19":{"start":{"line":57,"column":6},"end":{"line":57,"column":24}},"20":{"start":{"line":60,"column":4},"end":{"line":60,"column":17}},"21":{"start":{"line":63,"column":20},"end":{"line":69,"column":6}},"22":{"start":{"line":72,"column":4},"end":{"line":79,"column":7}},"23":{"start":{"line":73,"column":6},"end":{"line":78,"column":7}},"24":{"start":{"line":74,"column":8},"end":{"line":77,"column":11}},"25":{"start":{"line":82,"column":4},"end":{"line":98,"column":7}},"26":{"start":{"line":83,"column":20},"end":{"line":83,"column":43}},"27":{"start":{"line":84,"column":28},"end":{"line":88,"column":7}},"28":{"start":{"line":87,"column":34},"end":{"line":87,"column":50}},"29":{"start":{"line":90,"column":26},"end":{"line":94,"column":11}},"30":{"start":{"line":91,"column":8},"end":{"line":94,"column":11}},"31":{"start":{"line":91,"column":34},"end":{"line":94,"column":9}},"32":{"start":{"line":96,"column":6},"end":{"line":96,"column":28}},"33":{"start":{"line":97,"column":6},"end":{"line":97,"column":56}},"34":{"start":{"line":97,"column":34},"end":{"line":97,"column":54}},"35":{"start":{"line":100,"column":4},"end":{"line":102,"column":6}},"36":{"start":{"line":101,"column":6},"end":{"line":101,"column":28}},"37":{"start":{"line":105,"column":23},"end":{"line":117,"column":3}},"38":{"start":{"line":106,"column":4},"end":{"line":106,"column":25}},"39":{"start":{"line":107,"column":4},"end":{"line":110,"column":5}},"40":{"start":{"line":108,"column":6},"end":{"line":108,"column":30}},"41":{"start":{"line":109,"column":6},"end":{"line":109,"column":13}},"42":{"start":{"line":112,"column":18},"end":{"line":112,"column":36}},"43":{"start":{"line":113,"column":21},"end":{"line":115,"column":5}},"44":{"start":{"line":114,"column":6},"end":{"line":114,"column":50}},"45":{"start":{"line":116,"column":4},"end":{"line":116,"column":31}},"46":{"start":{"line":119,"column":25},"end":{"line":133,"column":3}},"47":{"start":{"line":120,"column":4},"end":{"line":120,"column":39}},"48":{"start":{"line":120,"column":19},"end":{"line":120,"column":39}},"49":{"start":{"line":121,"column":17},"end":{"line":121,"column":35}},"50":{"start":{"line":122,"column":16},"end":{"line":122,"column":26}},"51":{"start":{"line":123,"column":17},"end":{"line":123,"column":47}},"52":{"start":{"line":124,"column":20},"end":{"line":124,"column":44}},"53":{"start":{"line":125,"column":18},"end":{"line":125,"column":42}},"54":{"start":{"line":126,"column":17},"end":{"line":126,"column":39}},"55":{"start":{"line":128,"column":4},"end":{"line":128,"column":39}},"56":{"start":{"line":128,"column":21},"end":{"line":128,"column":39}},"57":{"start":{"line":129,"column":4},"end":{"line":129,"column":47}},"58":{"start":{"line":129,"column":22},"end":{"line":129,"column":47}},"59":{"start":{"line":130,"column":4},"end":{"line":130,"column":43}},"60":{"start":{"line":130,"column":20},"end":{"line":130,"column":43}},"61":{"start":{"line":131,"column":4},"end":{"line":131,"column":39}},"62":{"start":{"line":131,"column":20},"end":{"line":131,"column":39}},"63":{"start":{"line":132,"column":4},"end":{"line":132,"column":37}},"64":{"start":{"line":135,"column":21},"end":{"line":171,"column":3}},"65":{"start":{"line":136,"column":4},"end":{"line":170,"column":23}},"66":{"start":{"line":145,"column":8},"end":{"line":145,"column":27}},"67":{"start":{"line":146,"column":8},"end":{"line":146,"column":42}},"68":{"start":{"line":173,"column":26},"end":{"line":195,"column":3}},"69":{"start":{"line":174,"column":4},"end":{"line":194,"column":11}},"70":{"start":{"line":187,"column":12},"end":{"line":187,"column":31}},"71":{"start":{"line":188,"column":12},"end":{"line":188,"column":36}},"72":{"start":{"line":197,"column":2},"end":{"line":206,"column":3}},"73":{"start":{"line":198,"column":4},"end":{"line":205,"column":6}},"74":{"start":{"line":208,"column":22},"end":{"line":208,"column":63}},"75":{"start":{"line":208,"column":51},"end":{"line":208,"column":62}},"76":{"start":{"line":209,"column":23},"end":{"line":209,"column":65}},"77":{"start":{"line":209,"column":52},"end":{"line":209,"column":64}},"78":{"start":{"line":210,"column":22},"end":{"line":210,"column":55}},"79":{"start":{"line":212,"column":2},"end":{"line":239,"column":4}},"80":{"start":{"line":216,"column":29},"end":{"line":216,"column":49}},"81":{"start":{"line":219,"column":10},"end":{"line":219,"column":32}},"82":{"start":{"line":220,"column":10},"end":{"line":220,"column":29}},"83":{"start":{"line":221,"column":10},"end":{"line":221,"column":34}},"84":{"start":{"line":222,"column":10},"end":{"line":222,"column":29}},"85":{"start":{"line":228,"column":32},"end":{"line":228,"column":39}},"86":{"start":{"line":242,"column":15},"end":{"line":317,"column":2}}},"fnMap":{"0":{"name":"ConversationsScreen","decl":{"start":{"line":27,"column":24},"end":{"line":27,"column":43}},"loc":{"start":{"line":27,"column":46},"end":{"line":240,"column":1}},"line":27},"1":{"name":"(anonymous_1)","decl":{"start":{"line":36,"column":12},"end":{"line":36,"column":13}},"loc":{"start":{"line":36,"column":18},"end":{"line":103,"column":3}},"line":36},"2":{"name":"fetchUsers","decl":{"start":{"line":42,"column":19},"end":{"line":42,"column":29}},"loc":{"start":{"line":42,"column":32},"end":{"line":58,"column":5}},"line":42},"3":{"name":"(anonymous_3)","decl":{"start":{"line":54,"column":39},"end":{"line":54,"column":40}},"loc":{"start":{"line":54,"column":48},"end":{"line":54,"column":74}},"line":54},"4":{"name":"(anonymous_4)","decl":{"start":{"line":72,"column":22},"end":{"line":72,"column":23}},"loc":{"start":{"line":72,"column":40},"end":{"line":79,"column":5}},"line":72},"5":{"name":"(anonymous_5)","decl":{"start":{"line":82,"column":46},"end":{"line":82,"column":47}},"loc":{"start":{"line":82,"column":52},"end":{"line":98,"column":5}},"line":82},"6":{"name":"(anonymous_6)","decl":{"start":{"line":87,"column":15},"end":{"line":87,"column":16}},"loc":{"start":{"line":87,"column":34},"end":{"line":87,"column":50}},"line":87},"7":{"name":"(anonymous_7)","decl":{"start":{"line":90,"column":26},"end":{"line":90,"column":27}},"loc":{"start":{"line":91,"column":8},"end":{"line":94,"column":11}},"line":91},"8":{"name":"(anonymous_8)","decl":{"start":{"line":91,"column":25},"end":{"line":91,"column":26}},"loc":{"start":{"line":91,"column":34},"end":{"line":94,"column":9}},"line":91},"9":{"name":"(anonymous_9)","decl":{"start":{"line":97,"column":23},"end":{"line":97,"column":24}},"loc":{"start":{"line":97,"column":34},"end":{"line":97,"column":54}},"line":97},"10":{"name":"(anonymous_10)","decl":{"start":{"line":100,"column":11},"end":{"line":100,"column":12}},"loc":{"start":{"line":100,"column":17},"end":{"line":102,"column":5}},"line":100},"11":{"name":"(anonymous_11)","decl":{"start":{"line":105,"column":23},"end":{"line":105,"column":24}},"loc":{"start":{"line":105,"column":41},"end":{"line":117,"column":3}},"line":105},"12":{"name":"(anonymous_12)","decl":{"start":{"line":113,"column":34},"end":{"line":113,"column":35}},"loc":{"start":{"line":114,"column":6},"end":{"line":114,"column":50}},"line":114},"13":{"name":"(anonymous_13)","decl":{"start":{"line":119,"column":25},"end":{"line":119,"column":26}},"loc":{"start":{"line":119,"column":54},"end":{"line":133,"column":3}},"line":119},"14":{"name":"(anonymous_14)","decl":{"start":{"line":135,"column":21},"end":{"line":135,"column":22}},"loc":{"start":{"line":136,"column":4},"end":{"line":170,"column":23}},"line":136},"15":{"name":"(anonymous_15)","decl":{"start":{"line":144,"column":15},"end":{"line":144,"column":16}},"loc":{"start":{"line":144,"column":21},"end":{"line":147,"column":7}},"line":144},"16":{"name":"(anonymous_16)","decl":{"start":{"line":173,"column":26},"end":{"line":173,"column":27}},"loc":{"start":{"line":174,"column":4},"end":{"line":194,"column":11}},"line":174},"17":{"name":"(anonymous_17)","decl":{"start":{"line":186,"column":19},"end":{"line":186,"column":20}},"loc":{"start":{"line":186,"column":25},"end":{"line":189,"column":11}},"line":186},"18":{"name":"(anonymous_18)","decl":{"start":{"line":208,"column":43},"end":{"line":208,"column":44}},"loc":{"start":{"line":208,"column":51},"end":{"line":208,"column":62}},"line":208},"19":{"name":"(anonymous_19)","decl":{"start":{"line":209,"column":44},"end":{"line":209,"column":45}},"loc":{"start":{"line":209,"column":52},"end":{"line":209,"column":64}},"line":209},"20":{"name":"(anonymous_20)","decl":{"start":{"line":216,"column":23},"end":{"line":216,"column":24}},"loc":{"start":{"line":216,"column":29},"end":{"line":216,"column":49}},"line":216},"21":{"name":"(anonymous_21)","decl":{"start":{"line":218,"column":21},"end":{"line":218,"column":22}},"loc":{"start":{"line":218,"column":27},"end":{"line":223,"column":9}},"line":218},"22":{"name":"(anonymous_22)","decl":{"start":{"line":228,"column":22},"end":{"line":228,"column":23}},"loc":{"start":{"line":228,"column":32},"end":{"line":228,"column":39}},"line":228}},"branchMap":{"0":{"loc":{"start":{"line":37,"column":4},"end":{"line":40,"column":5}},"type":"if","locations":[{"start":{"line":37,"column":4},"end":{"line":40,"column":5}},{"start":{},"end":{}}],"line":37},"1":{"loc":{"start":{"line":49,"column":6},"end":{"line":52,"column":7}},"type":"if","locations":[{"start":{"line":49,"column":6},"end":{"line":52,"column":7}},{"start":{},"end":{}}],"line":49},"2":{"loc":{"start":{"line":54,"column":30},"end":{"line":54,"column":82}},"type":"binary-expr","locations":[{"start":{"line":54,"column":30},"end":{"line":54,"column":76}},{"start":{"line":54,"column":80},"end":{"line":54,"column":82}}],"line":54},"3":{"loc":{"start":{"line":73,"column":6},"end":{"line":78,"column":7}},"type":"if","locations":[{"start":{"line":73,"column":6},"end":{"line":78,"column":7}},{"start":{},"end":{}}],"line":73},"4":{"loc":{"start":{"line":107,"column":4},"end":{"line":110,"column":5}},"type":"if","locations":[{"start":{"line":107,"column":4},"end":{"line":110,"column":5}},{"start":{},"end":{}}],"line":107},"5":{"loc":{"start":{"line":120,"column":4},"end":{"line":120,"column":39}},"type":"if","locations":[{"start":{"line":120,"column":4},"end":{"line":120,"column":39}},{"start":{},"end":{}}],"line":120},"6":{"loc":{"start":{"line":128,"column":4},"end":{"line":128,"column":39}},"type":"if","locations":[{"start":{"line":128,"column":4},"end":{"line":128,"column":39}},{"start":{},"end":{}}],"line":128},"7":{"loc":{"start":{"line":129,"column":4},"end":{"line":129,"column":47}},"type":"if","locations":[{"start":{"line":129,"column":4},"end":{"line":129,"column":47}},{"start":{},"end":{}}],"line":129},"8":{"loc":{"start":{"line":130,"column":4},"end":{"line":130,"column":43}},"type":"if","locations":[{"start":{"line":130,"column":4},"end":{"line":130,"column":43}},{"start":{},"end":{}}],"line":130},"9":{"loc":{"start":{"line":131,"column":4},"end":{"line":131,"column":39}},"type":"if","locations":[{"start":{"line":131,"column":4},"end":{"line":131,"column":39}},{"start":{},"end":{}}],"line":131},"10":{"loc":{"start":{"line":153,"column":9},"end":{"line":153,"column":63}},"type":"binary-expr","locations":[{"start":{"line":153,"column":9},"end":{"line":153,"column":20}},{"start":{"line":153,"column":24},"end":{"line":153,"column":63}}],"line":153},"11":{"loc":{"start":{"line":163,"column":21},"end":{"line":163,"column":72}},"type":"cond-expr","locations":[{"start":{"line":163,"column":35},"end":{"line":163,"column":49}},{"start":{"line":163,"column":52},"end":{"line":163,"column":72}}],"line":163},"12":{"loc":{"start":{"line":167,"column":11},"end":{"line":167,"column":66}},"type":"cond-expr","locations":[{"start":{"line":167,"column":25},"end":{"line":167,"column":33}},{"start":{"line":167,"column":36},"end":{"line":167,"column":66}}],"line":167},"13":{"loc":{"start":{"line":184,"column":7},"end":{"line":193,"column":14}},"type":"cond-expr","locations":[{"start":{"line":185,"column":8},"end":{"line":192,"column":27}},{"start":{"line":193,"column":10},"end":{"line":193,"column":14}}],"line":184},"14":{"loc":{"start":{"line":197,"column":2},"end":{"line":206,"column":3}},"type":"if","locations":[{"start":{"line":197,"column":2},"end":{"line":206,"column":3}},{"start":{},"end":{}}],"line":197},"15":{"loc":{"start":{"line":231,"column":10},"end":{"line":235,"column":11}},"type":"cond-expr","locations":[{"start":{"line":231,"column":24},"end":{"line":231,"column":41}},{"start":{"line":232,"column":12},"end":{"line":234,"column":19}}],"line":231}},"s":{"0":0,"1":0,"2":0,"3":0,"4":0,"5":0,"6":0,"7":0,"8":0,"9":0,"10":0,"11":0,"12":0,"13":0,"14":0,"15":0,"16":0,"17":0,"18":0,"19":0,"20":0,"21":0,"22":0,"23":0,"24":0,"25":0,"26":0,"27":0,"28":0,"29":0,"30":0,"31":0,"32":0,"33":0,"34":0,"35":0,"36":0,"37":0,"38":0,"39":0,"40":0,"41":0,"42":0,"43":0,"44":0,"45":0,"46":0,"47":0,"48":0,"49":0,"50":0,"51":0,"52":0,"53":0,"54":0,"55":0,"56":0,"57":0,"58":0,"59":0,"60":0,"61":0,"62":0,"63":0,"64":0,"65":0,"66":0,"67":0,"68":0,"69":0,"70":0,"71":0,"72":0,"73":0,"74":0,"75":0,"76":0,"77":0,"78":0,"79":0,"80":0,"81":0,"82":0,"83":0,"84":0,"85":0,"86":0},"f":{"0":0,"1":0,"2":0,"3":0,"4":0,"5":0,"6":0,"7":0,"8":0,"9":0,"10":0,"11":0,"12":0,"13":0,"14":0,"15":0,"16":0,"17":0,"18":0,"19":0,"20":0,"21":0,"22":0},"b":{"0":[0,0],"1":[0,0],"2":[0,0],"3":[0,0],"4":[0,0],"5":[0,0],"6":[0,0],"7":[0,0],"8":[0,0],"9":[0,0],"10":[0,0],"11":[0,0],"12":[0,0],"13":[0,0],"14":[0,0],"15":[0,0]}}
,"/Users/igorbrandao/Desktop/development/front/desafio2/flashchat/app/(tabs)/_layout.tsx": {"path":"/Users/igorbrandao/Desktop/development/front/desafio2/flashchat/app/(tabs)/_layout.tsx","statementMap":{"0":{"start":{"line":5,"column":2},"end":{"line":31,"column":4}},"1":{"start":{"line":17,"column":12},"end":{"line":17,"column":67}},"2":{"start":{"line":26,"column":12},"end":{"line":26,"column":66}}},"fnMap":{"0":{"name":"TabLayout","decl":{"start":{"line":4,"column":24},"end":{"line":4,"column":33}},"loc":{"start":{"line":4,"column":36},"end":{"line":32,"column":1}},"line":4},"1":{"name":"(anonymous_1)","decl":{"start":{"line":16,"column":22},"end":{"line":16,"column":23}},"loc":{"start":{"line":17,"column":12},"end":{"line":17,"column":67}},"line":17},"2":{"name":"(anonymous_2)","decl":{"start":{"line":25,"column":22},"end":{"line":25,"column":23}},"loc":{"start":{"line":26,"column":12},"end":{"line":26,"column":66}},"line":26}},"branchMap":{},"s":{"0":0,"1":0,"2":0},"f":{"0":0,"1":0,"2":0},"b":{}}
,"/Users/igorbrandao/Desktop/development/front/desafio2/flashchat/app/(tabs)/explore.tsx": {"path":"/Users/igorbrandao/Desktop/development/front/desafio2/flashchat/app/(tabs)/explore.tsx","statementMap":{"0":{"start":{"line":12,"column":2},"end":{"line":32,"column":4}},"1":{"start":{"line":35,"column":15},"end":{"line":54,"column":2}}},"fnMap":{"0":{"name":"TabTwoScreen","decl":{"start":{"line":11,"column":24},"end":{"line":11,"column":36}},"loc":{"start":{"line":11,"column":39},"end":{"line":33,"column":1}},"line":11}},"branchMap":{},"s":{"0":0,"1":0},"f":{"0":0},"b":{}}
,"/Users/igorbrandao/Desktop/development/front/desafio2/flashchat/app/(tabs)/index.tsx": {"path":"/Users/igorbrandao/Desktop/development/front/desafio2/flashchat/app/(tabs)/index.tsx","statementMap":{"0":{"start":{"line":9,"column":2},"end":{"line":54,"column":4}},"1":{"start":{"line":57,"column":15},"end":{"line":74,"column":2}}},"fnMap":{"0":{"name":"HomeScreen","decl":{"start":{"line":8,"column":24},"end":{"line":8,"column":34}},"loc":{"start":{"line":8,"column":37},"end":{"line":55,"column":1}},"line":8}},"branchMap":{},"s":{"0":0,"1":0},"f":{"0":0},"b":{}}
,"/Users/igorbrandao/Desktop/development/front/desafio2/flashchat/app/(tabs)/conversations/index.tsx": {"path":"/Users/igorbrandao/Desktop/development/front/desafio2/flashchat/app/(tabs)/conversations/index.tsx","statementMap":{"0":{"start":{"line":21,"column":44},"end":{"line":21,"column":72}},"1":{"start":{"line":22,"column":22},"end":{"line":22,"column":31}},"2":{"start":{"line":23,"column":32},"end":{"line":23,"column":46}},"3":{"start":{"line":25,"column":2},"end":{"line":77,"column":26}},"4":{"start":{"line":26,"column":4},"end":{"line":26,"column":35}},"5":{"start":{"line":26,"column":28},"end":{"line":26,"column":35}},"6":{"start":{"line":28,"column":31},"end":{"line":74,"column":5}},"7":{"start":{"line":29,"column":40},"end":{"line":44,"column":50}},"8":{"start":{"line":46,"column":6},"end":{"line":49,"column":7}},"9":{"start":{"line":47,"column":8},"end":{"line":47,"column":62}},"10":{"start":{"line":48,"column":8},"end":{"line":48,"column":15}},"11":{"start":{"line":52,"column":31},"end":{"line":52,"column":62}},"12":{"start":{"line":53,"column":6},"end":{"line":70,"column":9}},"13":{"start":{"line":54,"column":26},"end":{"line":54,"column":105}},"14":{"start":{"line":56,"column":8},"end":{"line":69,"column":9}},"15":{"start":{"line":57,"column":10},"end":{"line":68,"column":13}},"16":{"start":{"line":72,"column":6},"end":{"line":72,"column":62}},"17":{"start":{"line":73,"column":6},"end":{"line":73,"column":24}},"18":{"start":{"line":76,"column":4},"end":{"line":76,"column":25}},"19":{"start":{"line":79,"column":21},"end":{"line":98,"column":3}},"20":{"start":{"line":80,"column":4},"end":{"line":97,"column":23}},"21":{"start":{"line":82,"column":21},"end":{"line":82,"column":59}},"22":{"start":{"line":100,"column":2},"end":{"line":106,"column":3}},"23":{"start":{"line":101,"column":4},"end":{"line":105,"column":6}},"24":{"start":{"line":108,"column":2},"end":{"line":117,"column":4}},"25":{"start":{"line":113,"column":32},"end":{"line":113,"column":39}},"26":{"start":{"line":120,"column":15},"end":{"line":170,"column":2}}},"fnMap":{"0":{"name":"ConversationsScreen","decl":{"start":{"line":20,"column":24},"end":{"line":20,"column":43}},"loc":{"start":{"line":20,"column":46},"end":{"line":118,"column":1}},"line":20},"1":{"name":"(anonymous_1)","decl":{"start":{"line":25,"column":12},"end":{"line":25,"column":13}},"loc":{"start":{"line":25,"column":18},"end":{"line":77,"column":3}},"line":25},"2":{"name":"(anonymous_2)","decl":{"start":{"line":28,"column":31},"end":{"line":28,"column":32}},"loc":{"start":{"line":28,"column":43},"end":{"line":74,"column":5}},"line":28},"3":{"name":"(anonymous_3)","decl":{"start":{"line":53,"column":24},"end":{"line":53,"column":25}},"loc":{"start":{"line":53,"column":37},"end":{"line":70,"column":7}},"line":53},"4":{"name":"(anonymous_4)","decl":{"start":{"line":79,"column":21},"end":{"line":79,"column":22}},"loc":{"start":{"line":80,"column":4},"end":{"line":97,"column":23}},"line":80},"5":{"name":"(anonymous_5)","decl":{"start":{"line":82,"column":15},"end":{"line":82,"column":16}},"loc":{"start":{"line":82,"column":21},"end":{"line":82,"column":59}},"line":82},"6":{"name":"(anonymous_6)","decl":{"start":{"line":113,"column":22},"end":{"line":113,"column":23}},"loc":{"start":{"line":113,"column":32},"end":{"line":113,"column":39}},"line":113}},"branchMap":{"0":{"loc":{"start":{"line":26,"column":4},"end":{"line":26,"column":35}},"type":"if","locations":[{"start":{"line":26,"column":4},"end":{"line":26,"column":35}},{"start":{},"end":{}}],"line":26},"1":{"loc":{"start":{"line":46,"column":6},"end":{"line":49,"column":7}},"type":"if","locations":[{"start":{"line":46,"column":6},"end":{"line":49,"column":7}},{"start":{},"end":{}}],"line":46},"2":{"loc":{"start":{"line":54,"column":26},"end":{"line":54,"column":105}},"type":"cond-expr","locations":[{"start":{"line":54,"column":66},"end":{"line":54,"column":85}},{"start":{"line":54,"column":88},"end":{"line":54,"column":105}}],"line":54},"3":{"loc":{"start":{"line":56,"column":8},"end":{"line":69,"column":9}},"type":"if","locations":[{"start":{"line":56,"column":8},"end":{"line":69,"column":9}},{"start":{},"end":{}}],"line":56},"4":{"loc":{"start":{"line":91,"column":9},"end":{"line":95,"column":9}},"type":"binary-expr","locations":[{"start":{"line":91,"column":9},"end":{"line":91,"column":25}},{"start":{"line":92,"column":10},"end":{"line":94,"column":17}}],"line":91},"5":{"loc":{"start":{"line":100,"column":2},"end":{"line":106,"column":3}},"type":"if","locations":[{"start":{"line":100,"column":2},"end":{"line":106,"column":3}},{"start":{},"end":{}}],"line":100}},"s":{"0":0,"1":0,"2":0,"3":0,"4":0,"5":0,"6":0,"7":0,"8":0,"9":0,"10":0,"11":0,"12":0,"13":0,"14":0,"15":0,"16":0,"17":0,"18":0,"19":0,"20":0,"21":0,"22":0,"23":0,"24":0,"25":0,"26":0},"f":{"0":0,"1":0,"2":0,"3":0,"4":0,"5":0,"6":0},"b":{"0":[0,0],"1":[0,0],"2":[0,0],"3":[0,0],"4":[0,0],"5":[0,0]}}
,"/Users/igorbrandao/Desktop/development/front/desafio2/flashchat/app/components/ChatHeader.tsx": {"path":"/Users/igorbrandao/Desktop/development/front/desafio2/flashchat/app/components/ChatHeader.tsx","statementMap":{"0":{"start":{"line":13,"column":17},"end":{"line":13,"column":28}},"1":{"start":{"line":15,"column":2},"end":{"line":53,"column":4}},"2":{"start":{"line":22,"column":27},"end":{"line":22,"column":40}},"3":{"start":{"line":56,"column":15},"end":{"line":116,"column":2}}},"fnMap":{"0":{"name":"ChatHeader","decl":{"start":{"line":12,"column":24},"end":{"line":12,"column":34}},"loc":{"start":{"line":12,"column":95},"end":{"line":54,"column":1}},"line":12},"1":{"name":"(anonymous_1)","decl":{"start":{"line":22,"column":21},"end":{"line":22,"column":22}},"loc":{"start":{"line":22,"column":27},"end":{"line":22,"column":40}},"line":22}},"branchMap":{"0":{"loc":{"start":{"line":12,"column":44},"end":{"line":12,"column":63}},"type":"default-arg","locations":[{"start":{"line":12,"column":55},"end":{"line":12,"column":63}}],"line":12},"1":{"loc":{"start":{"line":59,"column":16},"end":{"line":59,"column":68}},"type":"cond-expr","locations":[{"start":{"line":59,"column":40},"end":{"line":59,"column":42}},{"start":{"line":59,"column":45},"end":{"line":59,"column":68}}],"line":59}},"s":{"0":0,"1":0,"2":0,"3":0},"f":{"0":0,"1":0},"b":{"0":[0],"1":[0,0]}}
,"/Users/igorbrandao/Desktop/development/front/desafio2/flashchat/app/components/Collapsible.tsx": {"path":"/Users/igorbrandao/Desktop/development/front/desafio2/flashchat/app/components/Collapsible.tsx","statementMap":{"0":{"start":{"line":13,"column":0},"end":{"line":17,"column":1}},"1":{"start":{"line":14,"column":2},"end":{"line":16,"column":3}},"2":{"start":{"line":15,"column":4},"end":{"line":15,"column":58}},"3":{"start":{"line":25,"column":34},"end":{"line":25,"column":49}},"4":{"start":{"line":27,"column":23},"end":{"line":30,"column":3}},"5":{"start":{"line":28,"column":4},"end":{"line":28,"column":73}},"6":{"start":{"line":29,"column":4},"end":{"line":29,"column":27}},"7":{"start":{"line":32,"column":2},"end":{"line":40,"column":4}},"8":{"start":{"line":43,"column":15},"end":{"line":73,"column":2}}},"fnMap":{"0":{"name":"Collapsible","decl":{"start":{"line":24,"column":24},"end":{"line":24,"column":35}},"loc":{"start":{"line":24,"column":75},"end":{"line":41,"column":1}},"line":24},"1":{"name":"(anonymous_1)","decl":{"start":{"line":27,"column":23},"end":{"line":27,"column":24}},"loc":{"start":{"line":27,"column":29},"end":{"line":30,"column":3}},"line":27}},"branchMap":{"0":{"loc":{"start":{"line":13,"column":0},"end":{"line":17,"column":1}},"type":"if","locations":[{"start":{"line":13,"column":0},"end":{"line":17,"column":1}},{"start":{},"end":{}}],"line":13},"1":{"loc":{"start":{"line":14,"column":2},"end":{"line":16,"column":3}},"type":"if","locations":[{"start":{"line":14,"column":2},"end":{"line":16,"column":3}},{"start":{},"end":{}}],"line":14},"2":{"loc":{"start":{"line":36,"column":41},"end":{"line":36,"column":61}},"type":"cond-expr","locations":[{"start":{"line":36,"column":52},"end":{"line":36,"column":55}},{"start":{"line":36,"column":58},"end":{"line":36,"column":61}}],"line":36},"3":{"loc":{"start":{"line":38,"column":7},"end":{"line":38,"column":65}},"type":"binary-expr","locations":[{"start":{"line":38,"column":7},"end":{"line":38,"column":15}},{"start":{"line":38,"column":19},"end":{"line":38,"column":65}}],"line":38}},"s":{"0":0,"1":0,"2":0,"3":0,"4":0,"5":0,"6":0,"7":0,"8":0},"f":{"0":0,"1":0},"b":{"0":[0,0],"1":[0,0],"2":[0,0],"3":[0,0]}}
,"/Users/igorbrandao/Desktop/development/front/desafio2/flashchat/app/components/Header.tsx": {"path":"/Users/igorbrandao/Desktop/development/front/desafio2/flashchat/app/components/Header.tsx","statementMap":{"0":{"start":{"line":24,"column":17},"end":{"line":24,"column":28}},"1":{"start":{"line":25,"column":41},"end":{"line":25,"column":51}},"2":{"start":{"line":27,"column":21},"end":{"line":33,"column":3}},"3":{"start":{"line":28,"column":4},"end":{"line":32,"column":5}},"4":{"start":{"line":29,"column":6},"end":{"line":29,"column":20}},"5":{"start":{"line":31,"column":6},"end":{"line":31,"column":20}},"6":{"start":{"line":35,"column":2},"end":{"line":78,"column":4}},"7":{"start":{"line":81,"column":15},"end":{"line":116,"column":2}}},"fnMap":{"0":{"name":"Header","decl":{"start":{"line":16,"column":24},"end":{"line":16,"column":30}},"loc":{"start":{"line":23,"column":16},"end":{"line":79,"column":1}},"line":23},"1":{"name":"(anonymous_1)","decl":{"start":{"line":27,"column":21},"end":{"line":27,"column":22}},"loc":{"start":{"line":27,"column":27},"end":{"line":33,"column":3}},"line":27}},"branchMap":{"0":{"loc":{"start":{"line":17,"column":2},"end":{"line":17,"column":21}},"type":"default-arg","locations":[{"start":{"line":17,"column":10},"end":{"line":17,"column":21}}],"line":17},"1":{"loc":{"start":{"line":18,"column":2},"end":{"line":18,"column":24}},"type":"default-arg","locations":[{"start":{"line":18,"column":19},"end":{"line":18,"column":24}}],"line":18},"2":{"loc":{"start":{"line":19,"column":2},"end":{"line":19,"column":20}},"type":"default-arg","locations":[{"start":{"line":19,"column":15},"end":{"line":19,"column":20}}],"line":19},"3":{"loc":{"start":{"line":20,"column":2},"end":{"line":20,"column":21}},"type":"default-arg","locations":[{"start":{"line":20,"column":16},"end":{"line":20,"column":21}}],"line":20},"4":{"loc":{"start":{"line":28,"column":4},"end":{"line":32,"column":5}},"type":"if","locations":[{"start":{"line":28,"column":4},"end":{"line":32,"column":5}},{"start":{"line":30,"column":11},"end":{"line":32,"column":5}}],"line":28},"5":{"loc":{"start":{"line":28,"column":8},"end":{"line":28,"column":34}},"type":"binary-expr","locations":[{"start":{"line":28,"column":8},"end":{"line":28,"column":19}},{"start":{"line":28,"column":23},"end":{"line":28,"column":34}}],"line":28},"6":{"loc":{"start":{"line":39,"column":18},"end":{"line":39,"column":69}},"type":"cond-expr","locations":[{"start":{"line":39,"column":37},"end":{"line":39,"column":52}},{"start":{"line":39,"column":55},"end":{"line":39,"column":69}}],"line":39},"7":{"loc":{"start":{"line":42,"column":9},"end":{"line":49,"column":16}},"type":"cond-expr","locations":[{"start":{"line":43,"column":10},"end":{"line":48,"column":29}},{"start":{"line":49,"column":12},"end":{"line":49,"column":16}}],"line":42},"8":{"loc":{"start":{"line":42,"column":10},"end":{"line":42,"column":39}},"type":"binary-expr","locations":[{"start":{"line":42,"column":10},"end":{"line":42,"column":24}},{"start":{"line":42,"column":28},"end":{"line":42,"column":39}}],"line":42},"9":{"loc":{"start":{"line":50,"column":9},"end":{"line":54,"column":9}},"type":"binary-expr","locations":[{"start":{"line":50,"column":9},"end":{"line":50,"column":21}},{"start":{"line":51,"column":10},"end":{"line":53,"column":17}}],"line":50},"10":{"loc":{"start":{"line":51,"column":38},"end":{"line":51,"column":93}},"type":"binary-expr","locations":[{"start":{"line":51,"column":39},"end":{"line":51,"column":53}},{"start":{"line":51,"column":57},"end":{"line":51,"column":68}},{"start":{"line":51,"column":73},"end":{"line":51,"column":93}}],"line":51},"11":{"loc":{"start":{"line":56,"column":11},"end":{"line":74,"column":11}},"type":"binary-expr","locations":[{"start":{"line":56,"column":11},"end":{"line":56,"column":23}},{"start":{"line":57,"column":12},"end":{"line":73,"column":15}}],"line":56},"12":{"loc":{"start":{"line":58,"column":15},"end":{"line":65,"column":15}},"type":"binary-expr","locations":[{"start":{"line":58,"column":15},"end":{"line":58,"column":25}},{"start":{"line":59,"column":16},"end":{"line":64,"column":35}}],"line":58},"13":{"loc":{"start":{"line":68,"column":24},"end":{"line":68,"column":59}},"type":"cond-expr","locations":[{"start":{"line":68,"column":43},"end":{"line":68,"column":50}},{"start":{"line":68,"column":53},"end":{"line":68,"column":59}}],"line":68},"14":{"loc":{"start":{"line":83,"column":16},"end":{"line":83,"column":68}},"type":"cond-expr","locations":[{"start":{"line":83,"column":40},"end":{"line":83,"column":42}},{"start":{"line":83,"column":45},"end":{"line":83,"column":68}}],"line":83}},"s":{"0":0,"1":0,"2":0,"3":0,"4":0,"5":0,"6":0,"7":0},"f":{"0":0,"1":0},"b":{"0":[0],"1":[0],"2":[0],"3":[0],"4":[0,0],"5":[0,0],"6":[0,0],"7":[0,0],"8":[0,0],"9":[0,0],"10":[0,0,0],"11":[0,0],"12":[0,0],"13":[0,0],"14":[0,0]}}
,"/Users/igorbrandao/Desktop/development/front/desafio2/flashchat/app/components/HelloWave.tsx": {"path":"/Users/igorbrandao/Desktop/development/front/desafio2/flashchat/app/components/HelloWave.tsx","statementMap":{"0":{"start":{"line":9,"column":21},"end":{"line":9,"column":58}},"1":{"start":{"line":11,"column":2},"end":{"line":32,"column":9}},"2":{"start":{"line":12,"column":22},"end":{"line":27,"column":5}},"3":{"start":{"line":29,"column":4},"end":{"line":29,"column":22}},"4":{"start":{"line":31,"column":4},"end":{"line":31,"column":34}},"5":{"start":{"line":31,"column":17},"end":{"line":31,"column":33}},"6":{"start":{"line":34,"column":17},"end":{"line":37,"column":4}},"7":{"start":{"line":39,"column":2},"end":{"line":48,"column":4}},"8":{"start":{"line":51,"column":15},"end":{"line":62,"column":2}}},"fnMap":{"0":{"name":"HelloWave","decl":{"start":{"line":8,"column":16},"end":{"line":8,"column":25}},"loc":{"start":{"line":8,"column":52},"end":{"line":49,"column":1}},"line":8},"1":{"name":"(anonymous_1)","decl":{"start":{"line":11,"column":12},"end":{"line":11,"column":13}},"loc":{"start":{"line":11,"column":18},"end":{"line":32,"column":3}},"line":11},"2":{"name":"(anonymous_2)","decl":{"start":{"line":31,"column":11},"end":{"line":31,"column":12}},"loc":{"start":{"line":31,"column":17},"end":{"line":31,"column":33}},"line":31}},"branchMap":{"0":{"loc":{"start":{"line":42,"column":14},"end":{"line":42,"column":37}},"type":"cond-expr","locations":[{"start":{"line":42,"column":21},"end":{"line":42,"column":32}},{"start":{"line":42,"column":35},"end":{"line":42,"column":37}}],"line":42}},"s":{"0":0,"1":0,"2":0,"3":0,"4":0,"5":0,"6":0,"7":0,"8":0},"f":{"0":0,"1":0,"2":0},"b":{"0":[0,0]}}
,"/Users/igorbrandao/Desktop/development/front/desafio2/flashchat/app/components/ParallaxScrollView.tsx": {"path":"/Users/igorbrandao/Desktop/development/front/desafio2/flashchat/app/components/ParallaxScrollView.tsx","statementMap":{"0":{"start":{"line":27,"column":22},"end":{"line":27,"column":38}},"1":{"start":{"line":28,"column":26},"end":{"line":32,"column":12}},"2":{"start":{"line":34,"column":2},"end":{"line":44,"column":4}},"3":{"start":{"line":47,"column":15},"end":{"line":64,"column":2}}},"fnMap":{"0":{"name":"ParallaxScrollView","decl":{"start":{"line":20,"column":24},"end":{"line":20,"column":42}},"loc":{"start":{"line":26,"column":28},"end":{"line":45,"column":1}},"line":26}},"branchMap":{"0":{"loc":{"start":{"line":28,"column":26},"end":{"line":32,"column":12}},"type":"cond-expr","locations":[{"start":{"line":29,"column":6},"end":{"line":29,"column":51}},{"start":{"line":30,"column":6},"end":{"line":32,"column":12}}],"line":28},"1":{"loc":{"start":{"line":29,"column":28},"end":{"line":29,"column":50}},"type":"binary-expr","locations":[{"start":{"line":29,"column":28},"end":{"line":29,"column":39}},{"start":{"line":29,"column":43},"end":{"line":29,"column":50}}],"line":29},"2":{"loc":{"start":{"line":30,"column":6},"end":{"line":32,"column":12}},"type":"cond-expr","locations":[{"start":{"line":31,"column":6},"end":{"line":31,"column":12}},{"start":{"line":32,"column":6},"end":{"line":32,"column":12}}],"line":30}},"s":{"0":0,"1":0,"2":0,"3":0},"f":{"0":0},"b":{"0":[0,0],"1":[0,0],"2":[0,0]}}
,"/Users/igorbrandao/Desktop/development/front/desafio2/flashchat/app/components/Text.tsx": {"path":"/Users/igorbrandao/Desktop/development/front/desafio2/flashchat/app/components/Text.tsx","statementMap":{"0":{"start":{"line":5,"column":21},"end":{"line":5,"column":31}},"1":{"start":{"line":6,"column":2},"end":{"line":8,"column":4}}},"fnMap":{"0":{"name":"Text","decl":{"start":{"line":4,"column":16},"end":{"line":4,"column":20}},"loc":{"start":{"line":4,"column":39},"end":{"line":9,"column":1}},"line":4}},"branchMap":{},"s":{"0":0,"1":0},"f":{"0":0},"b":{}}
,"/Users/igorbrandao/Desktop/development/front/desafio2/flashchat/app/components/ThemedText.tsx": {"path":"/Users/igorbrandao/Desktop/development/front/desafio2/flashchat/app/components/ThemedText.tsx","statementMap":{"0":{"start":{"line":11,"column":76},"end":{"line":11,"column":81}},"1":{"start":{"line":12,"column":22},"end":{"line":12,"column":38}},"2":{"start":{"line":14,"column":16},"end":{"line":14,"column":83}},"3":{"start":{"line":15,"column":20},"end":{"line":15,"column":38}},"4":{"start":{"line":17,"column":2},"end":{"line":19,"column":4}},"5":{"start":{"line":22,"column":15},"end":{"line":45,"column":2}}},"fnMap":{"0":{"name":"ThemedText","decl":{"start":{"line":10,"column":16},"end":{"line":10,"column":26}},"loc":{"start":{"line":10,"column":51},"end":{"line":20,"column":1}},"line":10}},"branchMap":{"0":{"loc":{"start":{"line":11,"column":40},"end":{"line":11,"column":56}},"type":"default-arg","locations":[{"start":{"line":11,"column":47},"end":{"line":11,"column":56}}],"line":11},"1":{"loc":{"start":{"line":14,"column":16},"end":{"line":14,"column":83}},"type":"cond-expr","locations":[{"start":{"line":14,"column":41},"end":{"line":14,"column":60}},{"start":{"line":14,"column":63},"end":{"line":14,"column":83}}],"line":14},"2":{"loc":{"start":{"line":14,"column":41},"end":{"line":14,"column":60}},"type":"binary-expr","locations":[{"start":{"line":14,"column":41},"end":{"line":14,"column":50}},{"start":{"line":14,"column":54},"end":{"line":14,"column":60}}],"line":14},"3":{"loc":{"start":{"line":14,"column":63},"end":{"line":14,"column":83}},"type":"binary-expr","locations":[{"start":{"line":14,"column":63},"end":{"line":14,"column":73}},{"start":{"line":14,"column":77},"end":{"line":14,"column":83}}],"line":14},"4":{"loc":{"start":{"line":15,"column":20},"end":{"line":15,"column":38}},"type":"binary-expr","locations":[{"start":{"line":15,"column":20},"end":{"line":15,"column":32}},{"start":{"line":15,"column":36},"end":{"line":15,"column":38}}],"line":15}},"s":{"0":0,"1":0,"2":0,"3":0,"4":0,"5":0},"f":{"0":0},"b":{"0":[0],"1":[0,0],"2":[0,0],"3":[0,0],"4":[0,0]}}
,"/Users/igorbrandao/Desktop/development/front/desafio2/flashchat/app/components/ThemedView.tsx": {"path":"/Users/igorbrandao/Desktop/development/front/desafio2/flashchat/app/components/ThemedView.tsx","statementMap":{"0":{"start":{"line":10,"column":58},"end":{"line":10,"column":63}},"1":{"start":{"line":11,"column":22},"end":{"line":11,"column":38}},"2":{"start":{"line":13,"column":26},"end":{"line":13,"column":93}},"3":{"start":{"line":15,"column":2},"end":{"line":17,"column":4}}},"fnMap":{"0":{"name":"ThemedView","decl":{"start":{"line":9,"column":16},"end":{"line":9,"column":26}},"loc":{"start":{"line":9,"column":51},"end":{"line":18,"column":1}},"line":9}},"branchMap":{"0":{"loc":{"start":{"line":13,"column":26},"end":{"line":13,"column":93}},"type":"cond-expr","locations":[{"start":{"line":13,"column":51},"end":{"line":13,"column":70}},{"start":{"line":13,"column":73},"end":{"line":13,"column":93}}],"line":13},"1":{"loc":{"start":{"line":13,"column":51},"end":{"line":13,"column":70}},"type":"binary-expr","locations":[{"start":{"line":13,"column":51},"end":{"line":13,"column":60}},{"start":{"line":13,"column":64},"end":{"line":13,"column":70}}],"line":13},"2":{"loc":{"start":{"line":13,"column":73},"end":{"line":13,"column":93}},"type":"binary-expr","locations":[{"start":{"line":13,"column":73},"end":{"line":13,"column":83}},{"start":{"line":13,"column":87},"end":{"line":13,"column":93}}],"line":13}},"s":{"0":0,"1":0,"2":0,"3":0},"f":{"0":0},"b":{"0":[0,0],"1":[0,0],"2":[0,0]}}
,"/Users/igorbrandao/Desktop/development/front/desafio2/flashchat/app/components/TopBar.tsx": {"path":"/Users/igorbrandao/Desktop/development/front/desafio2/flashchat/app/components/TopBar.tsx","statementMap":{"0":{"start":{"line":7,"column":22},"end":{"line":7,"column":31}},"1":{"start":{"line":9,"column":2},"end":{"line":23,"column":4}},"2":{"start":{"line":26,"column":15},"end":{"line":59,"column":2}}},"fnMap":{"0":{"name":"TopBar","decl":{"start":{"line":6,"column":24},"end":{"line":6,"column":30}},"loc":{"start":{"line":6,"column":33},"end":{"line":24,"column":1}},"line":6}},"branchMap":{"0":{"loc":{"start":{"line":29,"column":16},"end":{"line":29,"column":68}},"type":"cond-expr","locations":[{"start":{"line":29,"column":40},"end":{"line":29,"column":42}},{"start":{"line":29,"column":45},"end":{"line":29,"column":68}}],"line":29}},"s":{"0":0,"1":0,"2":0},"f":{"0":0},"b":{"0":[0,0]}}
,"/Users/igorbrandao/Desktop/development/front/desafio2/flashchat/app/config/supabase.ts": {"path":"/Users/igorbrandao/Desktop/development/front/desafio2/flashchat/app/config/supabase.ts","statementMap":{"0":{"start":{"line":5,"column":20},"end":{"line":5,"column":62}},"1":{"start":{"line":6,"column":24},"end":{"line":6,"column":234}},"2":{"start":{"line":8,"column":24},"end":{"line":15,"column":2}}},"fnMap":{},"branchMap":{},"s":{"0":0,"1":0,"2":0},"f":{},"b":{}}
,"/Users/igorbrandao/Desktop/development/front/desafio2/flashchat/app/contexts/ThemeContext.tsx": {"path":"/Users/igorbrandao/Desktop/development/front/desafio2/flashchat/app/contexts/ThemeContext.tsx","statementMap":{"0":{"start":{"line":13,"column":15},"end":{"line":38,"column":1}},"1":{"start":{"line":40,"column":21},"end":{"line":44,"column":2}},"2":{"start":{"line":47,"column":28},"end":{"line":47,"column":44}},"3":{"start":{"line":48,"column":28},"end":{"line":48,"column":52}},"4":{"start":{"line":50,"column":2},"end":{"line":52,"column":9}},"5":{"start":{"line":51,"column":4},"end":{"line":51,"column":16}},"6":{"start":{"line":54,"column":20},"end":{"line":65,"column":3}},"7":{"start":{"line":55,"column":4},"end":{"line":64,"column":5}},"8":{"start":{"line":56,"column":25},"end":{"line":56,"column":61}},"9":{"start":{"line":57,"column":6},"end":{"line":61,"column":7}},"10":{"start":{"line":58,"column":8},"end":{"line":58,"column":38}},"11":{"start":{"line":60,"column":8},"end":{"line":60,"column":56}},"12":{"start":{"line":63,"column":6},"end":{"line":63,"column":51}},"13":{"start":{"line":67,"column":22},"end":{"line":75,"column":3}},"14":{"start":{"line":68,"column":21},"end":{"line":68,"column":57}},"15":{"start":{"line":69,"column":4},"end":{"line":69,"column":23}},"16":{"start":{"line":70,"column":4},"end":{"line":74,"column":5}},"17":{"start":{"line":71,"column":6},"end":{"line":71,"column":53}},"18":{"start":{"line":73,"column":6},"end":{"line":73,"column":50}},"19":{"start":{"line":77,"column":2},"end":{"line":81,"column":4}},"20":{"start":{"line":85,"column":18},"end":{"line":85,"column":42}},"21":{"start":{"line":86,"column":2},"end":{"line":88,"column":3}},"22":{"start":{"line":87,"column":4},"end":{"line":87,"column":68}},"23":{"start":{"line":89,"column":2},"end":{"line":89,"column":17}}},"fnMap":{"0":{"name":"(anonymous_0)","decl":{"start":{"line":42,"column":15},"end":{"line":42,"column":16}},"loc":{"start":{"line":42,"column":21},"end":{"line":42,"column":23}},"line":42},"1":{"name":"ThemeProvider","decl":{"start":{"line":46,"column":16},"end":{"line":46,"column":29}},"loc":{"start":{"line":46,"column":75},"end":{"line":82,"column":1}},"line":46},"2":{"name":"(anonymous_2)","decl":{"start":{"line":50,"column":12},"end":{"line":50,"column":13}},"loc":{"start":{"line":50,"column":18},"end":{"line":52,"column":3}},"line":50},"3":{"name":"(anonymous_3)","decl":{"start":{"line":54,"column":20},"end":{"line":54,"column":21}},"loc":{"start":{"line":54,"column":32},"end":{"line":65,"column":3}},"line":54},"4":{"name":"(anonymous_4)","decl":{"start":{"line":67,"column":22},"end":{"line":67,"column":23}},"loc":{"start":{"line":67,"column":34},"end":{"line":75,"column":3}},"line":67},"5":{"name":"useTheme","decl":{"start":{"line":84,"column":16},"end":{"line":84,"column":24}},"loc":{"start":{"line":84,"column":27},"end":{"line":90,"column":1}},"line":84}},"branchMap":{"0":{"loc":{"start":{"line":57,"column":6},"end":{"line":61,"column":7}},"type":"if","locations":[{"start":{"line":57,"column":6},"end":{"line":61,"column":7}},{"start":{"line":59,"column":13},"end":{"line":61,"column":7}}],"line":57},"1":{"loc":{"start":{"line":60,"column":17},"end":{"line":60,"column":54}},"type":"binary-expr","locations":[{"start":{"line":60,"column":17},"end":{"line":60,"column":43}},{"start":{"line":60,"column":47},"end":{"line":60,"column":54}}],"line":60},"2":{"loc":{"start":{"line":68,"column":21},"end":{"line":68,"column":57}},"type":"cond-expr","locations":[{"start":{"line":68,"column":41},"end":{"line":68,"column":47}},{"start":{"line":68,"column":50},"end":{"line":68,"column":57}}],"line":68},"3":{"loc":{"start":{"line":86,"column":2},"end":{"line":88,"column":3}},"type":"if","locations":[{"start":{"line":86,"column":2},"end":{"line":88,"column":3}},{"start":{},"end":{}}],"line":86}},"s":{"0":0,"1":0,"2":0,"3":0,"4":0,"5":0,"6":0,"7":0,"8":0,"9":0,"10":0,"11":0,"12":0,"13":0,"14":0,"15":0,"16":0,"17":0,"18":0,"19":0,"20":0,"21":0,"22":0,"23":0},"f":{"0":0,"1":0,"2":0,"3":0,"4":0,"5":0},"b":{"0":[0,0],"1":[0,0],"2":[0,0],"3":[0,0]}}
,"/Users/igorbrandao/Desktop/development/front/desafio2/flashchat/app/hooks/useAnimations.ts": {"path":"/Users/igorbrandao/Desktop/development/front/desafio2/flashchat/app/hooks/useAnimations.ts","statementMap":{"0":{"start":{"line":5,"column":19},"end":{"line":5,"column":56}},"1":{"start":{"line":6,"column":20},"end":{"line":6,"column":60}},"2":{"start":{"line":7,"column":20},"end":{"line":7,"column":58}},"3":{"start":{"line":9,"column":17},"end":{"line":16,"column":3}},"4":{"start":{"line":10,"column":4},"end":{"line":15,"column":15}},"5":{"start":{"line":18,"column":18},"end":{"line":26,"column":3}},"6":{"start":{"line":19,"column":4},"end":{"line":25,"column":15}},"7":{"start":{"line":28,"column":18},"end":{"line":36,"column":3}},"8":{"start":{"line":29,"column":4},"end":{"line":35,"column":15}},"9":{"start":{"line":38,"column":27},"end":{"line":44,"column":3}},"10":{"start":{"line":46,"column":30},"end":{"line":50,"column":3}},"11":{"start":{"line":47,"column":4},"end":{"line":47,"column":13}},"12":{"start":{"line":48,"column":4},"end":{"line":48,"column":14}},"13":{"start":{"line":49,"column":4},"end":{"line":49,"column":14}},"14":{"start":{"line":52,"column":2},"end":{"line":55,"column":4}}},"fnMap":{"0":{"name":"useAnimations","decl":{"start":{"line":4,"column":16},"end":{"line":4,"column":29}},"loc":{"start":{"line":4,"column":32},"end":{"line":56,"column":1}},"line":4},"1":{"name":"(anonymous_1)","decl":{"start":{"line":9,"column":17},"end":{"line":9,"column":18}},"loc":{"start":{"line":9,"column":37},"end":{"line":16,"column":3}},"line":9},"2":{"name":"(anonymous_2)","decl":{"start":{"line":18,"column":18},"end":{"line":18,"column":19}},"loc":{"start":{"line":18,"column":38},"end":{"line":26,"column":3}},"line":18},"3":{"name":"(anonymous_3)","decl":{"start":{"line":28,"column":18},"end":{"line":28,"column":19}},"loc":{"start":{"line":28,"column":38},"end":{"line":36,"column":3}},"line":28},"4":{"name":"(anonymous_4)","decl":{"start":{"line":46,"column":30},"end":{"line":46,"column":31}},"loc":{"start":{"line":46,"column":36},"end":{"line":50,"column":3}},"line":46}},"branchMap":{"0":{"loc":{"start":{"line":9,"column":18},"end":{"line":9,"column":32}},"type":"default-arg","locations":[{"start":{"line":9,"column":29},"end":{"line":9,"column":32}}],"line":9},"1":{"loc":{"start":{"line":18,"column":19},"end":{"line":18,"column":33}},"type":"default-arg","locations":[{"start":{"line":18,"column":30},"end":{"line":18,"column":33}}],"line":18},"2":{"loc":{"start":{"line":28,"column":19},"end":{"line":28,"column":33}},"type":"default-arg","locations":[{"start":{"line":28,"column":30},"end":{"line":28,"column":33}}],"line":28}},"s":{"0":0,"1":0,"2":0,"3":0,"4":0,"5":0,"6":0,"7":0,"8":0,"9":0,"10":0,"11":0,"12":0,"13":0,"14":0},"f":{"0":0,"1":0,"2":0,"3":0,"4":0},"b":{"0":[0],"1":[0],"2":[0]}}
,"/Users/igorbrandao/Desktop/development/front/desafio2/flashchat/app/hooks/useAuth.ts": {"path":"/Users/igorbrandao/Desktop/development/front/desafio2/flashchat/app/hooks/useAuth.ts","statementMap":{"0":{"start":{"line":11,"column":32},"end":{"line":11,"column":62}},"1":{"start":{"line":12,"column":32},"end":{"line":12,"column":46}},"2":{"start":{"line":14,"column":2},"end":{"line":32,"column":9}},"3":{"start":{"line":16,"column":4},"end":{"line":20,"column":7}},"4":{"start":{"line":17,"column":6},"end":{"line":17,"column":47}},"5":{"start":{"line":18,"column":6},"end":{"line":18,"column":26}},"6":{"start":{"line":19,"column":6},"end":{"line":19,"column":24}},"7":{"start":{"line":25,"column":8},"end":{"line":29,"column":6}},"8":{"start":{"line":26,"column":6},"end":{"line":26,"column":58}},"9":{"start":{"line":27,"column":6},"end":{"line":27,"column":26}},"10":{"start":{"line":28,"column":6},"end":{"line":28,"column":24}},"11":{"start":{"line":31,"column":4},"end":{"line":31,"column":44}},"12":{"start":{"line":31,"column":17},"end":{"line":31,"column":43}},"13":{"start":{"line":34,"column":17},"end":{"line":51,"column":3}},"14":{"start":{"line":35,"column":4},"end":{"line":50,"column":5}},"15":{"start":{"line":36,"column":30},"end":{"line":44,"column":8}},"16":{"start":{"line":46,"column":6},"end":{"line":46,"column":29}},"17":{"start":{"line":46,"column":17},"end":{"line":46,"column":29}},"18":{"start":{"line":47,"column":6},"end":{"line":47,"column":35}},"19":{"start":{"line":49,"column":6},"end":{"line":49,"column":55}},"20":{"start":{"line":53,"column":17},"end":{"line":74,"column":3}},"21":{"start":{"line":54,"column":4},"end":{"line":73,"column":5}},"22":{"start":{"line":55,"column":6},"end":{"line":55,"column":51}},"23":{"start":{"line":56,"column":30},"end":{"line":59,"column":8}},"24":{"start":{"line":61,"column":6},"end":{"line":61,"column":50}},"25":{"start":{"line":62,"column":6},"end":{"line":62,"column":29}},"26":{"start":{"line":62,"column":17},"end":{"line":62,"column":29}},"27":{"start":{"line":65,"column":6},"end":{"line":67,"column":7}},"28":{"start":{"line":66,"column":8},"end":{"line":66,"column":33}},"29":{"start":{"line":69,"column":6},"end":{"line":69,"column":35}},"30":{"start":{"line":71,"column":6},"end":{"line":71,"column":43}},"31":{"start":{"line":72,"column":6},"end":{"line":72,"column":55}},"32":{"start":{"line":76,"column":18},"end":{"line":85,"column":3}},"33":{"start":{"line":77,"column":4},"end":{"line":84,"column":5}},"34":{"start":{"line":78,"column":24},"end":{"line":78,"column":53}},"35":{"start":{"line":79,"column":6},"end":{"line":79,"column":29}},"36":{"start":{"line":79,"column":17},"end":{"line":79,"column":29}},"37":{"start":{"line":80,"column":6},"end":{"line":80,"column":23}},"38":{"start":{"line":81,"column":6},"end":{"line":81,"column":29}},"39":{"start":{"line":83,"column":6},"end":{"line":83,"column":43}},"40":{"start":{"line":87,"column":2},"end":{"line":93,"column":4}}},"fnMap":{"0":{"name":"useAuth","decl":{"start":{"line":10,"column":16},"end":{"line":10,"column":23}},"loc":{"start":{"line":10,"column":26},"end":{"line":94,"column":1}},"line":10},"1":{"name":"(anonymous_1)","decl":{"start":{"line":14,"column":12},"end":{"line":14,"column":13}},"loc":{"start":{"line":14,"column":18},"end":{"line":32,"column":3}},"line":14},"2":{"name":"(anonymous_2)","decl":{"start":{"line":16,"column":36},"end":{"line":16,"column":37}},"loc":{"start":{"line":16,"column":63},"end":{"line":20,"column":5}},"line":16},"3":{"name":"(anonymous_3)","decl":{"start":{"li
[...]
n":53}},"1":{"start":{"line":13,"column":32},"end":{"line":13,"column":46}},"2":{"start":{"line":15,"column":2},"end":{"line":43,"column":15}},"3":{"start":{"line":16,"column":4},"end":{"line":19,"column":5}},"4":{"start":{"line":17,"column":6},"end":{"line":17,"column":24}},"5":{"start":{"line":18,"column":6},"end":{"line":18,"column":13}},"6":{"start":{"line":21,"column":22},"end":{"line":40,"column":5}},"7":{"start":{"line":22,"column":6},"end":{"line":39,"column":7}},"8":{"start":{"line":23,"column":32},"end":{"line":27,"column":19}},"9":{"start":{"line":29,"column":8},"end":{"line":32,"column":9}},"10":{"start":{"line":30,"column":10},"end":{"line":30,"column":55}},"11":{"start":{"line":31,"column":10},"end":{"line":31,"column":17}},"12":{"start":{"line":34,"column":8},"end":{"line":34,"column":22}},"13":{"start":{"line":36,"column":8},"end":{"line":36,"column":52}},"14":{"start":{"line":38,"column":8},"end":{"line":38,"column":26}},"15":{"start":{"line":42,"column":4},"end":{"line":42,"column":16}},"16":{"start":{"line":45,"column":2},"end":{"line":45,"column":27}}},"fnMap":{"0":{"name":"useUser","decl":{"start":{"line":11,"column":16},"end":{"line":11,"column":23}},"loc":{"start":{"line":11,"column":40},"end":{"line":46,"column":1}},"line":11},"1":{"name":"(anonymous_1)","decl":{"start":{"line":15,"column":12},"end":{"line":15,"column":13}},"loc":{"start":{"line":15,"column":18},"end":{"line":43,"column":3}},"line":15},"2":{"name":"(anonymous_2)","decl":{"start":{"line":21,"column":22},"end":{"line":21,"column":23}},"loc":{"start":{"line":21,"column":34},"end":{"line":40,"column":5}},"line":21}},"branchMap":{"0":{"loc":{"start":{"line":16,"column":4},"end":{"line":19,"column":5}},"type":"if","locations":[{"start":{"line":16,"column":4},"end":{"line":19,"column":5}},{"start":{},"end":{}}],"line":16},"1":{"loc":{"start":{"line":29,"column":8},"end":{"line":32,"column":9}},"type":"if","locations":[{"start":{"line":29,"column":8},"end":{"line":32,"column":9}},{"start":{},"end":{}}],"line":29}},"s":{"0":0,"1":0,"2":0,"3":0,"4":0,"5":0,"6":0,"7":0,"8":0,"9":0,"10":0,"11":0,"12":0,"13":0,"14":0,"15":0,"16":0},"f":{"0":0,"1":0,"2":0},"b":{"0":[0,0],"1":[0,0]}}
,"/Users/igorbrandao/Desktop/development/front/desafio2/flashchat/app/theme/colors.ts": {"path":"/Users/igorbrandao/Desktop/development/front/desafio2/flashchat/app/theme/colors.ts","statementMap":{"0":{"start":{"line":1,"column":22},"end":{"line":28,"column":1}}},"fnMap":{},"branchMap":{},"s":{"0":0},"f":{},"b":{}}
,"/Users/igorbrandao/Desktop/development/front/desafio2/flashchat/app/theme/index.ts": {"path":"/Users/igorbrandao/Desktop/development/front/desafio2/flashchat/app/theme/index.ts","statementMap":{"0":{"start":{"line":3,"column":26},"end":{"line":23,"column":1}},"1":{"start":{"line":25,"column":25},"end":{"line":45,"column":1}}},"fnMap":{},"branchMap":{},"s":{"0":0,"1":0},"f":{},"b":{}}
,"/Users/igorbrandao/Desktop/development/front/desafio2/flashchat/app/theme/types.ts": {"path":"/Users/igorbrandao/Desktop/development/front/desafio2/flashchat/app/theme/types.ts","statementMap":{},"fnMap":{},"branchMap":{},"s":{},"f":{},"b":{}}
,"/Users/igorbrandao/Desktop/development/front/desafio2/flashchat/app/types/auth.ts": {"path":"/Users/igorbrandao/Desktop/development/front/desafio2/flashchat/app/types/auth.ts","statementMap":{},"fnMap":{},"branchMap":{},"s":{},"f":{},"b":{}}
,"/Users/igorbrandao/Desktop/development/front/desafio2/flashchat/components/Collapsible.tsx": {"path":"/Users/igorbrandao/Desktop/development/front/desafio2/flashchat/components/Collapsible.tsx","statementMap":{"0":{"start":{"line":11,"column":30},"end":{"line":11,"column":45}},"1":{"start":{"line":12,"column":16},"end":{"line":12,"column":43}},"2":{"start":{"line":14,"column":2},"end":{"line":32,"column":4}},"3":{"start":{"line":18,"column":23},"end":{"line":18,"column":51}},"4":{"start":{"line":18,"column":44},"end":{"line":18,"column":50}},"5":{"start":{"line":35,"column":15},"end":{"line":45,"column":2}}},"fnMap":{"0":{"name":"Collapsible","decl":{"start":{"line":10,"column":16},"end":{"line":10,"column":27}},"loc":{"start":{"line":10,"column":88},"end":{"line":33,"column":1}},"line":10},"1":{"name":"(anonymous_1)","decl":{"start":{"line":18,"column":17},"end":{"line":18,"column":18}},"loc":{"start":{"line":18,"column":23},"end":{"line":18,"column":51}},"line":18},"2":{"name":"(anonymous_2)","decl":{"start":{"line":18,"column":33},"end":{"line":18,"column":34}},"loc":{"start":{"line":18,"column":44},"end":{"line":18,"column":50}},"line":18}},"branchMap":{"0":{"loc":{"start":{"line":12,"column":16},"end":{"line":12,"column":43}},"type":"binary-expr","locations":[{"start":{"line":12,"column":16},"end":{"line":12,"column":32}},{"start":{"line":12,"column":36},"end":{"line":12,"column":43}}],"line":12},"1":{"loc":{"start":{"line":24,"column":17},"end":{"line":24,"column":73}},"type":"cond-expr","locations":[{"start":{"line":24,"column":37},"end":{"line":24,"column":54}},{"start":{"line":24,"column":57},"end":{"line":24,"column":73}}],"line":24},"2":{"loc":{"start":{"line":25,"column":41},"end":{"line":25,"column":66}},"type":"cond-expr","locations":[{"start":{"line":25,"column":50},"end":{"line":25,"column":57}},{"start":{"line":25,"column":60},"end":{"line":25,"column":66}}],"line":25},"3":{"loc":{"start":{"line":30,"column":7},"end":{"line":30,"column":75}},"type":"binary-expr","locations":[{"start":{"line":30,"column":7},"end":{"line":30,"column":13}},{"start":{"line":30,"column":17},"end":{"line":30,"column":75}}],"line":30}},"s":{"0":0,"1":0,"2":0,"3":0,"4":0,"5":0},"f":{"0":0,"1":0,"2":0},"b":{"0":[0,0],"1":[0,0],"2":[0,0],"3":[0,0]}}
,"/Users/igorbrandao/Desktop/development/front/desafio2/flashchat/components/ExternalLink.tsx": {"path":"/Users/igorbrandao/Desktop/development/front/desafio2/flashchat/components/ExternalLink.tsx","statementMap":{"0":{"start":{"line":9,"column":2},"end":{"line":23,"column":4}},"1":{"start":{"line":15,"column":8},"end":{"line":20,"column":9}},"2":{"start":{"line":17,"column":10},"end":{"line":17,"column":33}},"3":{"start":{"line":19,"column":10},"end":{"line":19,"column":39}}},"fnMap":{"0":{"name":"ExternalLink","decl":{"start":{"line":8,"column":16},"end":{"line":8,"column":28}},"loc":{"start":{"line":8,"column":55},"end":{"line":24,"column":1}},"line":8},"1":{"name":"(anonymous_1)","decl":{"start":{"line":14,"column":15},"end":{"line":14,"column":16}},"loc":{"start":{"line":14,"column":32},"end":{"line":21,"column":7}},"line":14}},"branchMap":{"0":{"loc":{"start":{"line":15,"column":8},"end":{"line":20,"column":9}},"type":"if","locations":[{"start":{"line":15,"column":8},"end":{"line":20,"column":9}},{"start":{},"end":{}}],"line":15}},"s":{"0":0,"1":0,"2":0,"3":0},"f":{"0":0,"1":0},"b":{"0":[0,0]}}
,"/Users/igorbrandao/Desktop/development/front/desafio2/flashchat/components/HapticTab.tsx": {"path":"/Users/igorbrandao/Desktop/development/front/desafio2/flashchat/components/HapticTab.tsx","statementMap":{"0":{"start":{"line":6,"column":2},"end":{"line":17,"column":4}},"1":{"start":{"line":10,"column":8},"end":{"line":13,"column":9}},"2":{"start":{"line":12,"column":10},"end":{"line":12,"column":65}},"3":{"start":{"line":14,"column":8},"end":{"line":14,"column":30}}},"fnMap":{"0":{"name":"HapticTab","decl":{"start":{"line":5,"column":16},"end":{"line":5,"column":25}},"loc":{"start":{"line":5,"column":58},"end":{"line":18,"column":1}},"line":5},"1":{"name":"(anonymous_1)","decl":{"start":{"line":9,"column":17},"end":{"line":9,"column":18}},"loc":{"start":{"line":9,"column":25},"end":{"line":15,"column":7}},"line":9}},"branchMap":{"0":{"loc":{"start":{"line":10,"column":8},"end":{"line":13,"column":9}},"type":"if","locations":[{"start":{"line":10,"column":8},"end":{"line":13,"column":9}},{"start":{},"end":{}}],"line":10}},"s":{"0":0,"1":0,"2":0,"3":0},"f":{"0":0,"1":0},"b":{"0":[0,0]}}
,"/Users/igorbrandao/Desktop/development/front/desafio2/flashchat/components/HelloWave.tsx": {"path":"/Users/igorbrandao/Desktop/development/front/desafio2/flashchat/components/HelloWave.tsx","statementMap":{"0":{"start":{"line":14,"column":28},"end":{"line":14,"column":45}},"1":{"start":{"line":16,"column":2},"end":{"line":21,"column":9}},"2":{"start":{"line":17,"column":4},"end":{"line":20,"column":6}},"3":{"start":{"line":23,"column":24},"end":{"line":25,"column":5}},"4":{"start":{"line":23,"column":48},"end":{"line":25,"column":3}},"5":{"start":{"line":27,"column":2},"end":{"line":31,"column":4}},"6":{"start":{"line":34,"column":15},"end":{"line":40,"column":2}}},"fnMap":{"0":{"name":"HelloWave","decl":{"start":{"line":13,"column":16},"end":{"line":13,"column":25}},"loc":{"start":{"line":13,"column":28},"end":{"line":32,"column":1}},"line":13},"1":{"name":"(anonymous_1)","decl":{"start":{"line":16,"column":12},"end":{"line":16,"column":13}},"loc":{"start":{"line":16,"column":18},"end":{"line":21,"column":3}},"line":16},"2":{"name":"(anonymous_2)","decl":{"start":{"line":23,"column":41},"end":{"line":23,"column":42}},"loc":{"start":{"line":23,"column":48},"end":{"line":25,"column":3}},"line":23}},"branchMap":{},"s":{"0":0,"1":0,"2":0,"3":0,"4":0,"5":0,"6":0},"f":{"0":0,"1":0,"2":0},"b":{}}
,"/Users/igorbrandao/Desktop/development/front/desafio2/flashchat/components/ParallaxScrollView.tsx": {"path":"/Users/igorbrandao/Desktop/development/front/desafio2/flashchat/components/ParallaxScrollView.tsx","statementMap":{"0":{"start":{"line":14,"column":22},"end":{"line":14,"column":25}},"1":{"start":{"line":26,"column":22},"end":{"line":26,"column":49}},"2":{"start":{"line":27,"column":20},"end":{"line":27,"column":57}},"3":{"start":{"line":28,"column":23},"end":{"line":28,"column":53}},"4":{"start":{"line":29,"column":17},"end":{"line":29,"column":39}},"5":{"start":{"line":30,"column":30},"end":{"line":45,"column":4}},"6":{"start":{"line":31,"column":4},"end":{"line":44,"column":6}},"7":{"start":{"line":47,"column":2},"end":{"line":65,"column":4}},"8":{"start":{"line":68,"column":15},"end":{"line":82,"column":2}}},"fnMap":{"0":{"name":"ParallaxScrollView","decl":{"start":{"line":21,"column":24},"end":{"line":21,"column":42}},"loc":{"start":{"line":25,"column":10},"end":{"line":66,"column":1}},"line":25},"1":{"name":"(anonymous_1)","decl":{"start":{"line":30,"column":47},"end":{"line":30,"column":48}},"loc":{"start":{"line":30,"column":53},"end":{"line":45,"column":3}},"line":30}},"branchMap":{"0":{"loc":{"start":{"line":26,"column":22},"end":{"line":26,"column":49}},"type":"binary-expr","locations":[{"start":{"line":26,"column":22},"end":{"line":26,"column":38}},{"start":{"line":26,"column":42},"end":{"line":26,"column":49}}],"line":26}},"s":{"0":0,"1":0,"2":0,"3":0,"4":0,"5":0,"6":0,"7":0,"8":0},"f":{"0":0,"1":0},"b":{"0":[0,0]}}
,"/Users/igorbrandao/Desktop/development/front/desafio2/flashchat/components/ThemedText.tsx": {"path":"/Users/igorbrandao/Desktop/development/front/desafio2/flashchat/components/ThemedText.tsx","statementMap":{"0":{"start":{"line":18,"column":16},"end":{"line":18,"column":77}},"1":{"start":{"line":20,"column":2},"end":{"line":33,"column":4}},"2":{"start":{"line":36,"column":15},"end":{"line":60,"column":2}}},"fnMap":{"0":{"name":"ThemedText","decl":{"start":{"line":11,"column":16},"end":{"line":11,"column":26}},"loc":{"start":{"line":17,"column":20},"end":{"line":34,"column":1}},"line":17}},"branchMap":{"0":{"loc":{"start":{"line":15,"column":2},"end":{"line":15,"column":18}},"type":"default-arg","locations":[{"start":{"line":15,"column":9},"end":{"line":15,"column":18}}],"line":15},"1":{"loc":{"start":{"line":24,"column":8},"end":{"line":24,"column":55}},"type":"cond-expr","locations":[{"start":{"line":24,"column":29},"end":{"line":24,"column":43}},{"start":{"line":24,"column":46},"end":{"line":24,"column":55}}],"line":24},"2":{"loc":{"start":{"line":25,"column":8},"end":{"line":25,"column":51}},"type":"cond-expr","locations":[{"start":{"line":25,"column":27},"end":{"line":25,"column":39}},{"start":{"line":25,"column":42},"end":{"line":25,"column":51}}],"line":25},"3":{"loc":{"start":{"line":26,"column":8},"end":{"line":26,"column":71}},"type":"cond-expr","locations":[{"start":{"line":26,"column":37},"end":{"line":26,"column":59}},{"start":{"line":26,"column":62},"end":{"line":26,"column":71}}],"line":26},"4":{"loc":{"start":{"line":27,"column":8},"end":{"line":27,"column":57}},"type":"cond-expr","locations":[{"start":{"line":27,"column":30},"end":{"line":27,"column":45}},{"start":{"line":27,"column":48},"end":{"line":27,"column":57}}],"line":27},"5":{"loc":{"start":{"line":28,"column":8},"end":{"line":28,"column":49}},"type":"cond-expr","locations":[{"start":{"line":28,"column":26},"end":{"line":28,"column":37}},{"start":{"line":28,"column":40},"end":{"line":28,"column":49}}],"line":28}},"s":{"0":0,"1":0,"2":0},"f":{"0":0},"b":{"0":[0],"1":[0,0],"2":[0,0],"3":[0,0],"4":[0,0],"5":[0,0]}}
,"/Users/igorbrandao/Desktop/development/front/desafio2/flashchat/components/ThemedView.tsx": {"path":"/Users/igorbrandao/Desktop/development/front/desafio2/flashchat/components/ThemedView.tsx","statementMap":{"0":{"start":{"line":11,"column":26},"end":{"line":11,"column":93}},"1":{"start":{"line":13,"column":2},"end":{"line":13,"column":71}}},"fnMap":{"0":{"name":"ThemedView","decl":{"start":{"line":10,"column":16},"end":{"line":10,"column":26}},"loc":{"start":{"line":10,"column":93},"end":{"line":14,"column":1}},"line":10}},"branchMap":{},"s":{"0":0,"1":0},"f":{"0":0},"b":{}}
,"/Users/igorbrandao/Desktop/development/front/desafio2/flashchat/components/ui/IconSymbol.ios.tsx": {"path":"/Users/igorbrandao/Desktop/development/front/desafio2/flashchat/components/ui/IconSymbol.ios.tsx","statementMap":{"0":{"start":{"line":17,"column":2},"end":{"line":31,"column":4}}},"fnMap":{"0":{"name":"IconSymbol","decl":{"start":{"line":4,"column":16},"end":{"line":4,"column":26}},"loc":{"start":{"line":16,"column":3},"end":{"line":32,"column":1}},"line":16}},"branchMap":{"0":{"loc":{"start":{"line":6,"column":2},"end":{"line":6,"column":11}},"type":"default-arg","locations":[{"start":{"line":6,"column":9},"end":{"line":6,"column":11}}],"line":6},"1":{"loc":{"start":{"line":9,"column":2},"end":{"line":9,"column":20}},"type":"default-arg","locations":[{"start":{"line":9,"column":11},"end":{"line":9,"column":20}}],"line":9}},"s":{"0":0},"f":{"0":0},"b":{"0":[0],"1":[0]}}
,"/Users/igorbrandao/Desktop/development/front/desafio2/flashchat/components/ui/IconSymbol.tsx": {"path":"/Users/igorbrandao/Desktop/development/front/desafio2/flashchat/components/ui/IconSymbol.tsx","statementMap":{"0":{"start":{"line":9,"column":16},"end":{"line":21,"column":1}},"1":{"start":{"line":42,"column":2},"end":{"line":42,"column":88}}},"fnMap":{"0":{"name":"IconSymbol","decl":{"start":{"line":30,"column":16},"end":{"line":30,"column":26}},"loc":{"start":{"line":41,"column":3},"end":{"line":43,"column":1}},"line":41}},"branchMap":{"0":{"loc":{"start":{"line":32,"column":2},"end":{"line":32,"column":11}},"type":"default-arg","locations":[{"start":{"line":32,"column":9},"end":{"line":32,"column":11}}],"line":32}},"s":{"0":0,"1":0},"f":{"0":0},"b":{"0":[0]}}
,"/Users/igorbrandao/Desktop/development/front/desafio2/flashchat/components/ui/TabBarBackground.ios.tsx": {"path":"/Users/igorbrandao/Desktop/development/front/desafio2/flashchat/components/ui/TabBarBackground.ios.tsx","statementMap":{"0":{"start":{"line":7,"column":2},"end":{"line":15,"column":4}},"1":{"start":{"line":19,"column":20},"end":{"line":19,"column":43}},"2":{"start":{"line":20,"column":21},"end":{"line":20,"column":40}},"3":{"start":{"line":21,"column":2},"end":{"line":21,"column":28}}},"fnMap":{"0":{"name":"BlurTabBarBackground","decl":{"start":{"line":6,"column":24},"end":{"line":6,"column":44}},"loc":{"start":{"line":6,"column":47},"end":{"line":16,"column":1}},"line":6},"1":{"name":"useBottomTabOverflow","decl":{"start":{"line":18,"column":16},"end":{"line":18,"column":36}},"loc":{"start":{"line":18,"column":39},"end":{"line":22,"column":1}},"line":18}},"branchMap":{},"s":{"0":0,"1":0,"2":0,"3":0},"f":{"0":0,"1":0},"b":{}}
,"/Users/igorbrandao/Desktop/development/front/desafio2/flashchat/components/ui/TabBarBackground.tsx": {"path":"/Users/igorbrandao/Desktop/development/front/desafio2/flashchat/components/ui/TabBarBackground.tsx","statementMap":{"0":{"start":{"line":5,"column":2},"end":{"line":5,"column":11}}},"fnMap":{"0":{"name":"useBottomTabOverflow","decl":{"start":{"line":4,"column":16},"end":{"line":4,"column":36}},"loc":{"start":{"line":4,"column":39},"end":{"line":6,"column":1}},"line":4}},"branchMap":{},"s":{"0":0},"f":{"0":0},"b":{}}
,"/Users/igorbrandao/Desktop/development/front/desafio2/flashchat/constants/Colors.ts": {"path":"/Users/igorbrandao/Desktop/development/front/desafio2/flashchat/constants/Colors.ts","statementMap":{"0":{"start":{"line":6,"column":23},"end":{"line":6,"column":32}},"1":{"start":{"line":7,"column":22},"end":{"line":7,"column":28}},"2":{"start":{"line":9,"column":22},"end":{"line":26,"column":1}}},"fnMap":{},"branchMap":{},"s":{"0":0,"1":0,"2":0},"f":{},"b":{}}
,"/Users/igorbrandao/Desktop/development/front/desafio2/flashchat/hooks/useColorScheme.ts": {"path":"/Users/igorbrandao/Desktop/development/front/desafio2/flashchat/hooks/useColorScheme.ts","statementMap":{},"fnMap":{},"branchMap":{},"s":{},"f":{},"b":{}}
,"/Users/igorbrandao/Desktop/development/front/desafio2/flashchat/hooks/useColorScheme.web.ts": {"path":"/Users/igorbrandao/Desktop/development/front/desafio2/flashchat/hooks/useColorScheme.web.ts","statementMap":{"0":{"start":{"line":8,"column":40},"end":{"line":8,"column":55}},"1":{"start":{"line":10,"column":2},"end":{"line":12,"column":9}},"2":{"start":{"line":11,"column":4},"end":{"line":11,"column":25}},"3":{"start":{"line":14,"column":22},"end":{"line":14,"column":40}},"4":{"start":{"line":16,"column":2},"end":{"line":18,"column":3}},"5":{"start":{"line":17,"column":4},"end":{"line":17,"column":23}},"6":{"start":{"line":20,"column":2},"end":{"line":20,"column":17}}},"fnMap":{"0":{"name":"useColorScheme","decl":{"start":{"line":7,"column":16},"end":{"line":7,"column":30}},"loc":{"start":{"line":7,"column":33},"end":{"line":21,"column":1}},"line":7},"1":{"name":"(anonymous_1)","decl":{"start":{"line":10,"column":12},"end":{"line":10,"column":13}},"loc":{"start":{"line":10,"column":18},"end":{"line":12,"column":3}},"line":10}},"branchMap":{"0":{"loc":{"start":{"line":16,"column":2},"end":{"line":18,"column":3}},"type":"if","locations":[{"start":{"line":16,"column":2},"end":{"line":18,"column":3}},{"start":{},"end":{}}],"line":16}},"s":{"0":0,"1":0,"2":0,"3":0,"4":0,"5":0,"6":0},"f":{"0":0,"1":0},"b":{"0":[0,0]}}
,"/Users/igorbrandao/Desktop/development/front/desafio2/flashchat/hooks/useThemeColor.ts": {"path":"/Users/igorbrandao/Desktop/development/front/desafio2/flashchat/hooks/useThemeColor.ts","statementMap":{"0":{"start":{"line":13,"column":16},"end":{"line":13,"column":43}},"1":{"start":{"line":14,"column":25},"end":{"line":14,"column":37}},"2":{"start":{"line":16,"column":2},"end":{"line":20,"column":3}},"3":{"start":{"line":17,"column":4},"end":{"line":17,"column":26}},"4":{"start":{"line":19,"column":4},"end":{"line":19,"column":36}}},"fnMap":{"0":{"name":"useThemeColor","decl":{"start":{"line":9,"column":16},"end":{"line":9,"column":29}},"loc":{"start":{"line":12,"column":2},"end":{"line":21,"column":1}},"line":12}},"branchMap":{"0":{"loc":{"start":{"line":13,"column":16},"end":{"line":13,"column":43}},"type":"binary-expr","locations":[{"start":{"line":13,"column":16},"end":{"line":13,"column":32}},{"start":{"line":13,"column":36},"end":{"line":13,"column":43}}],"line":13},"1":{"loc":{"start":{"line":16,"column":2},"end":{"line":20,"column":3}},"type":"if","locations":[{"start":{"line":16,"column":2},"end":{"line":20,"column":3}},{"start":{"line":18,"column":9},"end":{"line":20,"column":3}}],"line":16}},"s":{"0":0,"1":0,"2":0,"3":0,"4":0},"f":{"0":0},"b":{"0":[0,0],"1":[0,0]}}
}
