TN:
SF:expo-env.d.ts
FNF:0
FNH:0
LF:0
LH:0
BRF:0
BRH:0
end_of_record
TN:
SF:.expo/types/router.d.ts
FNF:0
FNH:0
LF:0
LH:0
BRF:0
BRH:0
end_of_record
TN:
SF:app/+not-found.tsx
FN:7,NotFoundScreen
FNF:1
FNH:0
FNDA:0,NotFoundScreen
DA:8,0
DA:21,0
LF:2
LH:0
BRF:0
BRH:0
end_of_record
TN:
SF:app/_layout.tsx
FN:7,RootLayout
FN:12,(anonymous_1)
FNF:2
FNH:0
FNDA:0,RootLayout
FNDA:0,(anonymous_1)
DA:8,0
DA:9,0
DA:10,0
DA:12,0
DA:13,0
DA:15,0
DA:16,0
DA:17,0
DA:18,0
DA:21,0
DA:22,0
DA:27,0
DA:29,0
LF:13
LH:0
BRDA:13,0,0,0
BRDA:13,0,1,0
BRDA:16,1,0,0
BRDA:16,1,1,0
BRDA:17,2,0,0
BRDA:17,2,1,0
BRDA:21,3,0,0
BRDA:21,3,1,0
BRDA:27,4,0,0
BRDA:27,4,1,0
BRF:10
BRH:0
end_of_record
TN:
SF:app/index.tsx
FN:3,Index
FNF:1
FNH:0
FNDA:0,Index
DA:4,0
LF:1
LH:0
BRF:0
BRH:0
end_of_record
TN:
SF:app/(auth)/_layout.tsx
FN:4,AuthLayout
FNF:1
FNH:0
FNDA:0,AuthLayout
DA:5,0
LF:1
LH:0
BRF:0
BRH:0
end_of_record
TN:
SF:app/(auth)/login.tsx
FN:20,LoginScreen
FN:28,(anonymous_1)
FN:103,(anonymous_2)
FNF:3
FNH:0
FNDA:0,LoginScreen
FNDA:0,(anonymous_1)
FNDA:0,(anonymous_2)
DA:21,0
DA:22,0
DA:23,0
DA:24,0
DA:25,0
DA:26,0
DA:28,0
DA:29,0
DA:30,0
DA:31,0
DA:34,0
DA:35,0
DA:36,0
DA:38,0
DA:39,0
DA:42,0
DA:46,0
DA:103,0
DA:115,0
LF:19
LH:0
BRDA:26,0,0,0
BRDA:26,0,1,0
BRDA:29,1,0,0
BRDA:29,1,1,0
BRDA:29,2,0,0
BRDA:29,2,1,0
BRDA:38,3,0,0
BRDA:38,3,1,0
BRDA:48,4,0,0
BRDA:48,4,1,0
BRDA:51,5,0,0
BRDA:51,5,1,0
BRDA:97,6,0,0
BRDA:97,6,1,0
BRF:14
BRH:0
end_of_record
TN:
SF:app/(auth)/register.tsx
FN:20,RegisterScreen
FN:29,(anonymous_1)
FN:45,(anonymous_2)
FN:118,(anonymous_3)
FNF:4
FNH:0
FNDA:0,RegisterScreen
FNDA:0,(anonymous_1)
FNDA:0,(anonymous_2)
FNDA:0,(anonymous_3)
DA:21,0
DA:22,0
DA:23,0
DA:24,0
DA:25,0
DA:26,0
DA:27,0
DA:29,0
DA:30,0
DA:31,0
DA:32,0
DA:35,0
DA:36,0
DA:37,0
DA:39,0
DA:40,0
DA:42,0
DA:45,0
DA:50,0
DA:118,0
DA:130,0
LF:21
LH:0
BRDA:27,0,0,0
BRDA:27,0,1,0
BRDA:30,1,0,0
BRDA:30,1,1,0
BRDA:30,2,0,0
BRDA:30,2,1,0
BRDA:30,2,2,0
BRDA:39,3,0,0
BRDA:39,3,1,0
BRDA:52,4,0,0
BRDA:52,4,1,0
BRDA:55,5,0,0
BRDA:55,5,1,0
BRDA:112,6,0,0
BRDA:112,6,1,0
BRF:15
BRH:0
end_of_record
TN:
SF:app/(chat)/[userId].tsx
FN:32,ChatScreen
FN:47,(anonymous_1)
FN:53,fetchChatUser
FN:78,(anonymous_3)
FN:93,(anonymous_4)
FN:108,(anonymous_5)
FN:196,(anonymous_6)
FN:198,(anonymous_7)
FN:202,(anonymous_8)
FNF:9
FNH:0
FNDA:0,ChatScreen
FNDA:0,(anonymous_1)
FNDA:0,fetchChatUser
FNDA:0,(anonymous_3)
FNDA:0,(anonymous_4)
FNDA:0,(anonymous_5)
FNDA:0,(anonymous_6)
FNDA:0,(anonymous_7)
FNDA:0,(anonymous_8)
DA:33,0
DA:34,0
DA:35,0
DA:36,0
DA:37,0
DA:38,0
DA:39,0
DA:40,0
DA:41,0
DA:42,0
DA:43,0
DA:45,0
DA:47,0
DA:48,0
DA:49,0
DA:50,0
DA:54,0
DA:60,0
DA:61,0
DA:62,0
DA:65,0
DA:66,0
DA:67,0
DA:70,0
DA:73,0
DA:78,0
DA:79,0
DA:81,0
DA:82,0
DA:83,0
DA:84,0
DA:85,0
DA:87,0
DA:88,0
DA:89,0
DA:90,0
DA:91,0
DA:93,0
DA:94,0
DA:97,0
DA:98,0
DA:101,0
DA:102,0
DA:104,0
DA:108,0
DA:109,0
DA:110,0
DA:112,0
DA:157,0
DA:158,0
DA:172,0
DA:173,0
DA:185,0
DA:196,0
DA:199,0
DA:200,0
DA:203,0
DA:204,0
DA:252,0
LF:59
LH:0
BRDA:34,0,0,0
BRDA:34,0,1,0
BRDA:48,1,0,0
BRDA:48,1,1,0
BRDA:48,2,0,0
BRDA:48,2,1,0
BRDA:60,3,0,0
BRDA:60,3,1,0
BRDA:75,4,0,0
BRDA:75,4,1,0
BRDA:79,5,0,0
BRDA:79,5,1,0
BRDA:79,6,0,0
BRDA:79,6,1,0
BRDA:79,6,2,0
BRDA:89,7,0,0
BRDA:89,7,1,0
BRDA:116,8,0,0
BRDA:116,8,1,0
BRDA:118,9,0,0
BRDA:118,9,1,0
BRDA:119,10,0,0
BRDA:119,10,1,0
BRDA:126,11,0,0
BRDA:126,11,1,0
BRDA:135,12,0,0
BRDA:135,12,1,0
BRDA:144,13,0,0
BRDA:144,13,1,0
BRDA:146,14,0,0
BRDA:146,14,1,0
BRDA:148,15,0,0
BRDA:148,15,1,0
BRDA:157,16,0,0
BRDA:157,16,1,0
BRDA:157,17,0,0
BRDA:157,17,1,0
BRDA:172,18,0,0
BRDA:172,18,1,0
BRDA:188,19,0,0
BRDA:188,19,1,0
BRDA:189,20,0,0
BRDA:189,20,1,0
BRDA:234,21,0,0
BRDA:234,21,1,0
BRDA:235,22,0,0
BRDA:235,22,1,0
BRDA:239,23,0,0
BRDA:239,23,1,0
BRDA:241,24,0,0
BRDA:241,24,1,0
BRF:51
BRH:0
end_of_record
TN:
SF:app/(chat)/_layout.tsx
FN:3,ChatLayout
FNF:1
FNH:0
FNDA:0,ChatLayout
DA:4,0
LF:1
LH:0
BRF:0
BRH:0
end_of_record
TN:
SF:app/(chat)/new-chat.tsx
FN:15,NewChatScreen
FN:20,(anonymous_1)
FN:21,fetchUsers
FN:41,(anonymous_3)
FN:45,(anonymous_4)
FN:48,(anonymous_5)
FN:80,(anonymous_6)
FNF:7
FNH:0
FNDA:0,NewChatScreen
FNDA:0,(anonymous_1)
FNDA:0,fetchUsers
FNDA:0,(anonymous_3)
FNDA:0,(anonymous_4)
FNDA:0,(anonymous_5)
FNDA:0,(anonymous_6)
DA:16,0
DA:17,0
DA:18,0
DA:20,0
DA:22,0
DA:24,0
DA:30,0
DA:31,0
DA:32,0
DA:35,0
DA:38,0
DA:41,0
DA:42,0
DA:45,0
DA:46,0
DA:48,0
DA:59,0
DA:80,0
DA:87,0
LF:19
LH:0
BRDA:22,0,0,0
BRDA:22,0,1,0
BRDA:30,1,0,0
BRDA:30,1,1,0
BRDA:35,2,0,0
BRDA:35,2,1,0
BRF:6
BRH:0
end_of_record
TN:
SF:app/(chat)/conversations/index.tsx
FN:27,ConversationsScreen
FN:36,(anonymous_1)
FN:42,fetchUsers
FN:54,(anonymous_3)
FN:72,(anonymous_4)
FN:82,(anonymous_5)
FN:87,(anonymous_6)
FN:90,(anonymous_7)
FN:91,(anonymous_8)
FN:97,(anonymous_9)
FN:100,(anonymous_10)
FN:105,(anonymous_11)
FN:113,(anonymous_12)
FN:119,(anonymous_13)
FN:135,(anonymous_14)
FN:144,(anonymous_15)
FN:173,(anonymous_16)
FN:186,(anonymous_17)
FN:208,(anonymous_18)
FN:209,(anonymous_19)
FN:216,(anonymous_20)
FN:218,(anonymous_21)
FN:228,(anonymous_22)
FNF:23
FNH:0
FNDA:0,ConversationsScreen
FNDA:0,(anonymous_1)
FNDA:0,fetchUsers
FNDA:0,(anonymous_3)
FNDA:0,(anonymous_4)
FNDA:0,(anonymous_5)
FNDA:0,(anonymous_6)
FNDA:0,(anonymous_7)
FNDA:0,(anonymous_8)
FNDA:0,(anonymous_9)
FNDA:0,(anonymous_10)
FNDA:0,(anonymous_11)
FNDA:0,(anonymous_12)
FNDA:0,(anonymous_13)
FNDA:0,(anonymous_14)
FNDA:0,(anonymous_15)
FNDA:0,(anonymous_16)
FNDA:0,(anonymous_17)
FNDA:0,(anonymous_18)
FNDA:0,(anonymous_19)
FNDA:0,(anonymous_20)
FNDA:0,(anonymous_21)
FNDA:0,(anonymous_22)
DA:28,0
DA:29,0
DA:30,0
DA:31,0
DA:32,0
DA:33,0
DA:34,0
DA:36,0
DA:37,0
DA:38,0
DA:39,0
DA:43,0
DA:49,0
DA:50,0
DA:51,0
DA:54,0
DA:55,0
DA:56,0
DA:57,0
DA:60,0
DA:63,0
DA:72,0
DA:73,0
DA:74,0
DA:82,0
DA:83,0
DA:84,0
DA:87,0
DA:90,0
DA:91,0
DA:96,0
DA:97,0
DA:100,0
DA:101,0
DA:105,0
DA:106,0
DA:107,0
DA:108,0
DA:109,0
DA:112,0
DA:113,0
DA:114,0
DA:116,0
DA:119,0
DA:120,0
DA:121,0
DA:122,0
DA:123,0
DA:124,0
DA:125,0
DA:126,0
DA:128,0
DA:129,0
DA:130,0
DA:131,0
DA:132,0
DA:135,0
DA:136,0
DA:145,0
DA:146,0
DA:173,0
DA:174,0
DA:187,0
DA:188,0
DA:197,0
DA:198,0
DA:208,0
DA:209,0
DA:210,0
DA:212,0
DA:216,0
DA:219,0
DA:220,0
DA:221,0
DA:222,0
DA:228,0
DA:242,0
LF:77
LH:0
BRDA:37,0,0,0
BRDA:37,0,1,0
BRDA:49,1,0,0
BRDA:49,1,1,0
BRDA:54,2,0,0
BRDA:54,2,1,0
BRDA:73,3,0,0
BRDA:73,3,1,0
BRDA:107,4,0,0
BRDA:107,4,1,0
BRDA:120,5,0,0
BRDA:120,5,1,0
BRDA:128,6,0,0
BRDA:128,6,1,0
BRDA:129,7,0,0
BRDA:129,7,1,0
BRDA:130,8,0,0
BRDA:130,8,1,0
BRDA:131,9,0,0
BRDA:131,9,1,0
BRDA:153,10,0,0
BRDA:153,10,1,0
BRDA:163,11,0,0
BRDA:163,11,1,0
BRDA:167,12,0,0
BRDA:167,12,1,0
BRDA:184,13,0,0
BRDA:184,13,1,0
BRDA:197,14,0,0
BRDA:197,14,1,0
BRDA:231,15,0,0
BRDA:231,15,1,0
BRF:32
BRH:0
end_of_record
TN:
SF:app/(tabs)/_layout.tsx
FN:4,TabLayout
FN:16,(anonymous_1)
FN:25,(anonymous_2)
FNF:3
FNH:0
FNDA:0,TabLayout
FNDA:0,(anonymous_1)
FNDA:0,(anonymous_2)
DA:5,0
DA:17,0
DA:26,0
LF:3
LH:0
BRF:0
BRH:0
end_of_record
TN:
SF:app/(tabs)/explore.tsx
FN:11,TabTwoScreen
FNF:1
FNH:0
FNDA:0,TabTwoScreen
DA:12,0
DA:35,0
LF:2
LH:0
BRF:0
BRH:0
end_of_record
TN:
SF:app/(tabs)/index.tsx
FN:8,HomeScreen
FNF:1
FNH:0
FNDA:0,HomeScreen
DA:9,0
DA:57,0
LF:2
LH:0
BRF:0
BRH:0
end_of_record
TN:
SF:app/(tabs)/conversations/index.tsx
FN:20,ConversationsScreen
FN:25,(anonymous_1)
FN:28,(anonymous_2)
FN:53,(anonymous_3)
FN:79,(anonymous_4)
FN:82,(anonymous_5)
FN:113,(anonymous_6)
FNF:7
FNH:0
FNDA:0,ConversationsScreen
FNDA:0,(anonymous_1)
FNDA:0,(anonymous_2)
FNDA:0,(anonymous_3)
FNDA:0,(anonymous_4)
FNDA:0,(anonymous_5)
FNDA:0,(anonymous_6)
DA:21,0
DA:22,0
DA:23,0
DA:25,0
DA:26,0
DA:28,0
DA:29,0
DA:46,0
DA:47,0
DA:48,0
DA:52,0
DA:53,0
DA:54,0
DA:56,0
DA:57,0
DA:72,0
DA:73,0
DA:76,0
DA:79,0
DA:80,0
DA:82,0
DA:100,0
DA:101,0
DA:108,0
DA:113,0
DA:120,0
LF:26
LH:0
BRDA:26,0,0,0
BRDA:26,0,1,0
BRDA:46,1,0,0
BRDA:46,1,1,0
BRDA:54,2,0,0
BRDA:54,2,1,0
BRDA:56,3,0,0
BRDA:56,3,1,0
BRDA:91,4,0,0
BRDA:91,4,1,0
BRDA:100,5,0,0
BRDA:100,5,1,0
BRF:12
BRH:0
end_of_record
TN:
SF:app/components/ChatHeader.tsx
FN:12,ChatHeader
FN:22,(anonymous_1)
FNF:2
FNH:0
FNDA:0,ChatHeader
FNDA:0,(anonymous_1)
DA:13,0
DA:15,0
DA:22,0
DA:56,0
LF:4
LH:0
BRDA:12,0,0,0
BRDA:59,1,0,0
BRDA:59,1,1,0
BRF:3
BRH:0
end_of_record
TN:
SF:app/components/Collapsible.tsx
FN:24,Collapsible
FN:27,(anonymous_1)
FNF:2
FNH:0
FNDA:0,Collapsible
FNDA:0,(anonymous_1)
DA:13,0
DA:14,0
DA:15,0
DA:25,0
DA:27,0
DA:28,0
DA:29,0
DA:32,0
DA:43,0
LF:9
LH:0
BRDA:13,0,0,0
BRDA:13,0,1,0
BRDA:14,1,0,0
BRDA:14,1,1,0
BRDA:36,2,0,0
BRDA:36,2,1,0
BRDA:38,3,0,0
BRDA:38,3,1,0
BRF:8
BRH:0
end_of_record
TN:
SF:app/components/Header.tsx
FN:16,Header
FN:27,(anonymous_1)
FNF:2
FNH:0
FNDA:0,Header
FNDA:0,(anonymous_1)
DA:24,0
DA:25,0
DA:27,0
DA:28,0
DA:29,0
DA:31,0
DA:35,0
DA:81,0
LF:8
LH:0
BRDA:17,0,0,0
BRDA:18,1,0,0
BRDA:19,2,0,0
BRDA:20,3,0,0
BRDA:28,4,0,0
BRDA:28,4,1,0
BRDA:28,5,0,0
BRDA:28,5,1,0
BRDA:39,6,0,0
BRDA:39,6,1,0
BRDA:42,7,0,0
BRDA:42,7,1,0
BRDA:42,8,0,0
BRDA:42,8,1,0
BRDA:50,9,0,0
BRDA:50,9,1,0
BRDA:51,10,0,0
BRDA:51,10,1,0
BRDA:51,10,2,0
BRDA:56,11,0,0
BRDA:56,11,1,0
BRDA:58,12,0,0
BRDA:58,12,1,0
BRDA:68,13,0,0
BRDA:68,13,1,0
BRDA:83,14,0,0
BRDA:83,14,1,0
BRF:27
BRH:0
end_of_record
TN:
SF:app/components/HelloWave.tsx
FN:8,HelloWave
FN:11,(anonymous_1)
FN:31,(anonymous_2)
FNF:3
FNH:0
FNDA:0,HelloWave
FNDA:0,(anonymous_1)
FNDA:0,(anonymous_2)
DA:9,0
DA:11,0
DA:12,0
DA:29,0
DA:31,0
DA:34,0
DA:39,0
DA:51,0
LF:8
LH:0
BRDA:42,0,0,0
BRDA:42,0,1,0
BRF:2
BRH:0
end_of_record
TN:
SF:app/components/ParallaxScrollView.tsx
FN:20,ParallaxScrollView
FNF:1
FNH:0
FNDA:0,ParallaxScrollView
DA:27,0
DA:28,0
DA:34,0
DA:47,0
LF:4
LH:0
BRDA:28,0,0,0
BRDA:28,0,1,0
BRDA:29,1,0,0
BRDA:29,1,1,0
BRDA:30,2,0,0
BRDA:30,2,1,0
BRF:6
BRH:0
end_of_record
TN:
SF:app/components/Text.tsx
FN:4,Text
FNF:1
FNH:0
FNDA:0,Text
DA:5,0
DA:6,0
LF:2
LH:0
BRF:0
BRH:0
end_of_record
TN:
SF:app/components/ThemedText.tsx
FN:10,ThemedText
FNF:1
FNH:0
FNDA:0,ThemedText
DA:11,0
DA:12,0
DA:14,0
DA:15,0
DA:17,0
DA:22,0
LF:6
LH:0
BRDA:11,0,0,0
BRDA:14,1,0,0
BRDA:14,1,1,0
BRDA:14,2,0,0
BRDA:14,2,1,0
BRDA:14,3,0,0
BRDA:14,3,1,0
BRDA:15,4,0,0
BRDA:15,4,1,0
BRF:9
BRH:0
end_of_record
TN:
SF:app/components/ThemedView.tsx
FN:9,ThemedView
FNF:1
FNH:0
FNDA:0,ThemedView
DA:10,0
DA:11,0
DA:13,0
DA:15,0
LF:4
LH:0
BRDA:13,0,0,0
BRDA:13,0,1,0
BRDA:13,1,0,0
BRDA:13,1,1,0
BRDA:13,2,0,0
BRDA:13,2,1,0
BRF:6
BRH:0
end_of_record
TN:
SF:app/components/TopBar.tsx
FN:6,TopBar
FNF:1
FNH:0
FNDA:0,TopBar
DA:7,0
DA:9,0
DA:26,0
LF:3
LH:0
BRDA:29,0,0,0
BRDA:29,0,1,0
BRF:2
BRH:0
end_of_record
TN:
SF:app/config/supabase.ts
FNF:0
FNH:0
DA:5,0
DA:6,0
DA:8,0
LF:3
LH:0
BRF:0
BRH:0
end_of_record
TN:
SF:app/contexts/ThemeContext.tsx
FN:42,(anonymous_0)
FN:46,ThemeProvider
FN:50,(anonymous_2)
FN:54,(anonymous_3)
FN:67,(anonymous_4)
FN:84,useTheme
FNF:6
FNH:0
FNDA:0,(anonymous_0)
FNDA:0,ThemeProvider
FNDA:0,(anonymous_2)
FNDA:0,(anonymous_3)
FNDA:0,(anonymous_4)
FNDA:0,useTheme
DA:13,0
DA:40,0
DA:47,0
DA:48,0
DA:50,0
DA:51,0
DA:54,0
DA:55,0
DA:56,0
DA:57,0
DA:58,0
DA:60,0
DA:63,0
DA:67,0
DA:68,0
DA:69,0
DA:70,0
DA:71,0
DA:73,0
DA:77,0
DA:85,0
DA:86,0
DA:87,0
DA:89,0
LF:24
LH:0
BRDA:57,0,0,0
BRDA:57,0,1,0
BRDA:60,1,0,0
BRDA:60,1,1,0
BRDA:68,2,0,0
BRDA:68,2,1,0
BRDA:86,3,0,0
BRDA:86,3,1,0
BRF:8
BRH:0
end_of_record
TN:
SF:app/hooks/useAnimations.ts
FN:4,useAnimations
FN:9,(anonymous_1)
FN:18,(anonymous_2)
FN:28,(anonymous_3)
FN:46,(anonymous_4)
FNF:5
FNH:0
FNDA:0,useAnimations
FNDA:0,(anonymous_1)
FNDA:0,(anonymous_2)
FNDA:0,(anonymous_3)
FNDA:0,(anonymous_4)
DA:5,0
DA:6,0
DA:7,0
DA:9,0
DA:10,0
DA:18,0
DA:19,0
DA:28,0
DA:29,0
DA:38,0
DA:46,0
DA:47,0
DA:48,0
DA:49,0
DA:52,0
LF:15
LH:0
BRDA:9,0,0,0
BRDA:18,1,0,0
BRDA:28,2,0,0
BRF:3
BRH:0
end_of_record
TN:
SF:app/hooks/useAuth.ts
FN:10,useAuth
FN:14,(anonymous_1)
FN:16,(anonymous_2)
FN:25,(anonymous_3)
FN:31,(anonymous_4)
FN:34,(anonymous_5)
FN:53,(anonymous_6)
FN:76,(anonymous_7)
FNF:8
FNH:0
FNDA:0,useAuth
FNDA:0,(anonymous_1)
FNDA:0,(anonymous_2)
FNDA:0,(anonymous_3)
FNDA:0,(anonymous_4)
FNDA:0,(anonymous_5)
FNDA:0,(anonymous_6)
FNDA:0,(anonymous_7)
DA:11,0
DA:12,0
DA:14,0
DA:16,0
DA:17,0
DA:18,0
DA:19,0
DA:25,0
DA:26,0
DA:27,0
DA:28,0
DA:31,0
DA:34,0
DA:35,0
DA:36,0
DA:46,0
DA:47,0
DA:49,0
DA:53,0
DA:54,0
DA:55,0
DA:56,0
DA:61,0
DA:62,0
DA:65,0
DA:66,0
DA:69,0
DA:71,0
DA:72,0
DA:76,0
DA:77,0
DA:78,0
DA:79,0
DA:80,0
DA:81,0
DA:83,0
DA:87,0
LF:37
LH:0
BRDA:46,0,0,0
BRDA:46,0,1,0
BRDA:62,1,0,0
BRDA:62,1,1,0
BRDA:65,2,0,0
BRDA:65,2,1,0
BRDA:79,3,0,0
BRDA:79,3,1,0
BRF:8
BRH:0
end_of_record
TN:
SF:app/hooks/useColorScheme.ts
FN:3,useColorScheme
FNF:1
FNH:0
FNDA:0,useColorScheme
DA:4,0
DA:5,0
LF:2
LH:0
BRDA:5,0,0,0
BRDA:5,0,1,0
BRF:2
BRH:0
end_of_record
TN:
SF:app/hooks/useMessages.ts
FN:19,useMessages
FN:23,(anonymous_1)
FN:55,(anonymous_2)
FN:61,(anonymous_3)
FN:63,(anonymous_4)
FN:64,(anonymous_5)
FN:68,(anonymous_6)
FN:82,(anonymous_7)
FN:104,(anonymous_8)
FN:117,(anonymous_9)
FN:122,(anonymous_10)
FN:126,(anonymous_11)
FN:131,(anonymous_12)
FN:133,(anonymous_13)
FN:139,(anonymous_14)
FN:152,(anonymous_15)
FN:158,(anonymous_16)
FN:173,(anonymous_17)
FN:187,(anonymous_18)
FN:191,(anonymous_19)
FN:203,(anonymous_20)
FN:214,(anonymous_21)
FN:247,(anonymous_22)
FNF:23
FNH:12
FNDA:18,useMessages
FNDA:5,(anonymous_1)
FNDA:0,(anonymous_2)
FNDA:5,(anonymous_3)
FNDA:0,(anonymous_4)
FNDA:0,(anonymous_5)
FNDA:0,(anonymous_6)
FNDA:5,(anonymous_7)
FNDA:0,(anonymous_8)
FNDA:0,(anonymous_9)
FNDA:0,(anonymous_10)
FNDA:0,(anonymous_11)
FNDA:0,(anonymous_12)
FNDA:0,(anonymous_13)
FNDA:0,(anonymous_14)
FNDA:5,(anonymous_15)
FNDA:5,(anonymous_16)
FNDA:1,(anonymous_17)
FNDA:1,(anonymous_18)
FNDA:1,(anonymous_19)
FNDA:1,(anonymous_20)
FNDA:2,(anonymous_21)
FNDA:1,(anonymous_22)
DA:20,18
DA:21,18
DA:23,18
DA:24,5
DA:25,0
DA:26,0
DA:27,0
DA:30,5
DA:31,5
DA:32,5
DA:38,5
DA:39,0
DA:40,0
DA:43,5
DA:49,5
DA:50,0
DA:51,0
DA:54,5
DA:55,0
DA:58,5
DA:61,5
DA:62,5
DA:63,5
DA:64,0
DA:65,0
DA:68,5
DA:71,5
DA:72,5
DA:73,0
DA:74,0
DA:77,0
DA:78,0
DA:82,18
DA:83,5
DA:84,0
DA:85,0
DA:88,5
DA:89,5
DA:90,5
DA:93,5
DA:95,5
DA:105,0
DA:106,0
DA:118,0
DA:119,0
DA:123,0
DA:126,5
DA:127,0
DA:128,0
DA:129,0
DA:131,0
DA:133,0
DA:134,0
DA:135,0
DA:137,0
DA:138,0
DA:139,0
DA:141,0
DA:142,0
DA:146,0
DA:147,0
DA:152,5
DA:153,5
DA:154,5
DA:158,18
DA:159,5
DA:161,5
DA:162,5
DA:163,5
DA:164,2
DA:165,2
DA:166,2
DA:169,0
DA:173,18
DA:174,1
DA:176,1
DA:177,1
DA:181,1
DA:183,0
DA:187,18
DA:188,1
DA:190,1
DA:191,1
DA:194,1
DA:196,1
DA:197,1
DA:198,1
DA:203,1
DA:206,1
DA:207,0
DA:210,0
DA:214,18
DA:215,2
DA:216,0
DA:217,0
DA:220,2
DA:221,2
DA:222,2
DA:228,2
DA:234,2
DA:235,1
DA:236,1
DA:239,1
DA:240,0
DA:241,0
DA:244,1
DA:247,1
DA:248,1
DA:249,1
DA:250,1
DA:253,1
DA:255,0
DA:256,0
DA:260,18
LF:114
LH:69
BRDA:24,0,0,0
BRDA:24,0,1,5
BRDA:24,1,0,5
BRDA:24,1,1,5
BRDA:38,2,0,0
BRDA:38,2,1,5
BRDA:49,3,0,0
BRDA:49,3,1,5
BRDA:54,4,0,5
BRDA:54,4,1,0
BRDA:54,5,0,5
BRDA:54,5,1,0
BRDA:64,6,0,0
BRDA:64,6,1,0
BRDA:72,7,0,0
BRDA:72,7,1,5
BRDA:83,8,0,0
BRDA:83,8,1,5
BRDA:83,9,0,5
BRDA:83,9,1,5
BRDA:127,10,0,0
BRDA:127,10,1,0
BRDA:133,11,0,0
BRDA:133,11,1,0
BRDA:146,12,0,0
BRDA:146,12,1,0
BRDA:159,13,0,0
BRDA:159,13,1,5
BRDA:163,14,0,2
BRDA:163,14,1,3
BRDA:174,15,0,0
BRDA:174,15,1,1
BRDA:188,16,0,0
BRDA:188,16,1,1
BRDA:191,17,0,1
BRDA:191,17,1,1
BRDA:194,18,0,0
BRDA:194,18,1,1
BRDA:206,19,0,0
BRDA:206,19,1,1
BRDA:215,20,0,0
BRDA:215,20,1,2
BRDA:215,21,0,2
BRDA:215,21,1,2
BRDA:215,21,2,2
BRDA:234,22,0,1
BRDA:234,22,1,1
BRDA:239,23,0,0
BRDA:239,23,1,1
BRF:49
BRH:27
end_of_record
TN:
SF:app/hooks/useUser.ts
FN:11,useUser
FN:15,(anonymous_1)
FN:21,(anonymous_2)
FNF:3
FNH:0
FNDA:0,useUser
FNDA:0,(anonymous_1)
FNDA:0,(anonymous_2)
DA:12,0
DA:13,0
DA:15,0
DA:16,0
DA:17,0
DA:18,0
DA:21,0
DA:22,0
DA:23,0
DA:29,0
DA:30,0
DA:31,0
DA:34,0
DA:36,0
DA:38,0
DA:42,0
DA:45,0
LF:17
LH:0
BRDA:16,0,0,0
BRDA:16,0,1,0
BRDA:29,1,0,0
BRDA:29,1,1,0
BRF:4
BRH:0
end_of_record
TN:
SF:app/theme/colors.ts
FNF:0
FNH:0
DA:1,0
LF:1
LH:0
BRF:0
BRH:0
end_of_record
TN:
SF:app/theme/index.ts
FNF:0
FNH:0
DA:3,0
DA:25,0
LF:2
LH:0
BRF:0
BRH:0
end_of_record
TN:
SF:app/theme/types.ts
FNF:0
FNH:0
LF:0
LH:0
BRF:0
BRH:0
end_of_record
TN:
SF:app/types/auth.ts
FNF:0
FNH:0
LF:0
LH:0
BRF:0
BRH:0
end_of_record
TN:
SF:components/Collapsible.tsx
FN:10,Collapsible
FN:18,(anonymous_1)
FN:18,(anonymous_2)
FNF:3
FNH:0
FNDA:0,Collapsible
FNDA:0,(anonymous_1)
FNDA:0,(anonymous_2)
DA:11,0
DA:12,0
DA:14,0
DA:18,0
DA:35,0
LF:5
LH:0
BRDA:12,0,0,0
BRDA:12,0,1,0
BRDA:24,1,0,0
BRDA:24,1,1,0
BRDA:25,2,0,0
BRDA:25,2,1,0
BRDA:30,3,0,0
BRDA:30,3,1,0
BRF:8
BRH:0
end_of_record
TN:
SF:components/ExternalLink.tsx
FN:8,ExternalLink
FN:14,(anonymous_1)
FNF:2
FNH:0
FNDA:0,ExternalLink
FNDA:0,(anonymous_1)
DA:9,0
DA:15,0
DA:17,0
DA:19,0
LF:4
LH:0
BRDA:15,0,0,0
BRDA:15,0,1,0
BRF:2
BRH:0
end_of_record
TN:
SF:components/HapticTab.tsx
FN:5,HapticTab
FN:9,(anonymous_1)
FNF:2
FNH:0
FNDA:0,HapticTab
FNDA:0,(anonymous_1)
DA:6,0
DA:10,0
DA:12,0
DA:14,0
LF:4
LH:0
BRDA:10,0,0,0
BRDA:10,0,1,0
BRF:2
BRH:0
end_of_record
TN:
SF:components/HelloWave.tsx
FN:13,HelloWave
FN:16,(anonymous_1)
FN:23,(anonymous_2)
FNF:3
FNH:0
FNDA:0,HelloWave
FNDA:0,(anonymous_1)
FNDA:0,(anonymous_2)
DA:14,0
DA:16,0
DA:17,0
DA:23,0
DA:27,0
DA:34,0
LF:6
LH:0
BRF:0
BRH:0
end_of_record
TN:
SF:components/ParallaxScrollView.tsx
FN:21,ParallaxScrollView
FN:30,(anonymous_1)
FNF:2
FNH:0
FNDA:0,ParallaxScrollView
FNDA:0,(anonymous_1)
DA:14,0
DA:26,0
DA:27,0
DA:28,0
DA:29,0
DA:30,0
DA:31,0
DA:47,0
DA:68,0
LF:9
LH:0
BRDA:26,0,0,0
BRDA:26,0,1,0
BRF:2
BRH:0
end_of_record
TN:
SF:components/ThemedText.tsx
FN:11,ThemedText
FNF:1
FNH:0
FNDA:0,ThemedText
DA:18,0
DA:20,0
DA:36,0
LF:3
LH:0
BRDA:15,0,0,0
BRDA:24,1,0,0
BRDA:24,1,1,0
BRDA:25,2,0,0
BRDA:25,2,1,0
BRDA:26,3,0,0
BRDA:26,3,1,0
BRDA:27,4,0,0
BRDA:27,4,1,0
BRDA:28,5,0,0
BRDA:28,5,1,0
BRF:11
BRH:0
end_of_record
TN:
SF:components/ThemedView.tsx
FN:10,ThemedView
FNF:1
FNH:0
FNDA:0,ThemedView
DA:11,0
DA:13,0
LF:2
LH:0
BRF:0
BRH:0
end_of_record
TN:
SF:components/ui/IconSymbol.ios.tsx
FN:4,IconSymbol
FNF:1
FNH:0
FNDA:0,IconSymbol
DA:17,0
LF:1
LH:0
BRDA:6,0,0,0
BRDA:9,1,0,0
BRF:2
BRH:0
end_of_record
TN:
SF:components/ui/IconSymbol.tsx
FN:30,IconSymbol
FNF:1
FNH:0
FNDA:0,IconSymbol
DA:9,0
DA:42,0
LF:2
LH:0
BRDA:32,0,0,0
BRF:1
BRH:0
end_of_record
TN:
SF:components/ui/TabBarBackground.ios.tsx
FN:6,BlurTabBarBackground
FN:18,useBottomTabOverflow
FNF:2
FNH:0
FNDA:0,BlurTabBarBackground
FNDA:0,useBottomTabOverflow
DA:7,0
DA:19,0
DA:20,0
DA:21,0
LF:4
LH:0
BRF:0
BRH:0
end_of_record
TN:
SF:components/ui/TabBarBackground.tsx
FN:4,useBottomTabOverflow
FNF:1
FNH:0
FNDA:0,useBottomTabOverflow
DA:5,0
LF:1
LH:0
BRF:0
BRH:0
end_of_record
TN:
SF:constants/Colors.ts
FNF:0
FNH:0
DA:6,0
DA:7,0
DA:9,0
LF:3
LH:0
BRF:0
BRH:0
end_of_record
TN:
SF:hooks/useColorScheme.ts
FNF:0
FNH:0
LF:0
LH:0
BRF:0
BRH:0
end_of_record
TN:
SF:hooks/useColorScheme.web.ts
FN:7,useColorScheme
FN:10,(anonymous_1)
FNF:2
FNH:0
FNDA:0,useColorScheme
FNDA:0,(anonymous_1)
DA:8,0
DA:10,0
DA:11,0
DA:14,0
DA:16,0
DA:17,0
DA:20,0
LF:7
LH:0
BRDA:16,0,0,0
BRDA:16,0,1,0
BRF:2
BRH:0
end_of_record
TN:
SF:hooks/useThemeColor.ts
FN:9,useThemeColor
FNF:1
FNH:0
FNDA:0,useThemeColor
DA:13,0
DA:14,0
DA:16,0
DA:17,0
DA:19,0
LF:5
LH:0
BRDA:13,0,0,0
BRDA:13,0,1,0
BRDA:16,1,0,0
BRDA:16,1,1,0
BRF:4
BRH:0
end_of_record
